2024-05-17 17:28:37.683 | WARNING  | crm.tasks:generate_short_content_task:348 - Generate Short Content Task Started
2024-05-17 17:28:37.691 | WARNING  | crm.tasks:generate_realated_trend_task:373 - Generate Related Trends Task Started
2024-05-17 17:28:37.721 | WARNING  | crm.tasks:generate_realated_trend_task:411 - Generate Related Trends Task Ended
2024-05-17 17:28:37.725 | WARNING  | crm.tasks:generate_content_info_task:422 - Generate Content Info Task Started
2024-05-17 17:28:37.767 | WARNING  | crm.tasks:generate_content_task:474 - Generate Content Task Started
2024-05-17 17:28:37.791 | WARNING  | crm.tasks:generate_content_info_task:468 - Generate Content Info Task Exception Expecting value: line 1 column 1 (char 0)
2024-05-17 17:28:37.814 | WARNING  | crm.tasks:generate_meta_info_task:570 - Generate Meta Task Started
2024-05-17 17:28:37.830 | WARNING  | crm.tasks:generate_meta_info_task:588 - Generate Meta Task Ended
2024-05-17 17:28:37.851 | WARNING  | crm.tasks:generate_image_prompt_task:517 - Generate Image Prompt Task Started
2024-05-17 17:28:37.863 | WARNING  | crm.tasks:fetch_api_website:599 - API hit Website Started
2024-05-17 17:28:37.907 | WARNING  | crm.tasks:generate_image_task:539 - Generate Image Task Started
2024-05-17 17:28:37.937 | WARNING  | crm.tasks:fetch_trends_realtime_task:203 - Fetch Trends Real Time Task Started
2024-05-17 17:28:37.947 | WARNING  | crm.tasks:fetch_article_data_task:254 - Fetch Article Data Task Started
2024-05-17 17:28:37.966 | WARNING  | crm.tasks:fetch_article_data_task:258 - Get first item of Trending with status Saved,trending_object
2024-05-17 17:28:38.829 | WARNING  | crm.tasks:fetch_trends_realtime_task:207 - Connected pytrends
2024-05-17 17:28:39.882 | WARNING  | crm.tasks:fetch_api_website:608 - API hit successful!
2024-05-17 17:28:39.891 | WARNING  | crm.tasks:fetch_api_website:618 - API post does not exist
2024-05-17 17:28:39.895 | WARNING  | crm.tasks:fetch_api_website:618 - API post does not exist
2024-05-17 17:28:39.899 | WARNING  | crm.tasks:fetch_api_website:618 - API post does not exist
2024-05-17 17:28:39.904 | WARNING  | crm.tasks:fetch_api_website:618 - API post does not exist
2024-05-17 17:28:39.909 | WARNING  | crm.tasks:fetch_api_website:618 - API post does not exist
2024-05-17 17:28:39.913 | WARNING  | crm.tasks:fetch_api_website:618 - API post does not exist
2024-05-17 17:28:39.921 | WARNING  | crm.tasks:fetch_api_website:618 - API post does not exist
2024-05-17 17:28:39.927 | WARNING  | crm.tasks:fetch_api_website:618 - API post does not exist
2024-05-17 17:28:39.932 | WARNING  | crm.tasks:fetch_api_website:618 - API post does not exist
2024-05-17 17:28:39.938 | WARNING  | crm.tasks:fetch_api_website:618 - API post does not exist
2024-05-17 17:28:39.944 | WARNING  | crm.tasks:fetch_api_website:618 - API post does not exist
2024-05-17 17:28:39.950 | WARNING  | crm.tasks:fetch_api_website:618 - API post does not exist
2024-05-17 17:28:39.955 | WARNING  | crm.tasks:fetch_api_website:618 - API post does not exist
2024-05-17 17:28:39.960 | WARNING  | crm.tasks:fetch_api_website:618 - API post does not exist
2024-05-17 17:28:39.965 | WARNING  | crm.tasks:fetch_api_website:618 - API post does not exist
2024-05-17 17:28:42.751 | WARNING  | crm.tasks:fetch_trends_realtime_task:213 - View Trending List
2024-05-17 17:28:42.754 | WARNING  | crm.tasks:fetch_trends_realtime_task:217 - For Loop Topic List
2024-05-17 17:28:42.756 | WARNING  | crm.tasks:fetch_trends_realtime_task:219 - For Loop Topic List > Item
2024-05-17 17:28:42.763 | WARNING  | crm.tasks:fetch_trends_realtime_task:219 - For Loop Topic List > Item
2024-05-17 17:28:42.767 | WARNING  | crm.tasks:fetch_trends_realtime_task:219 - For Loop Topic List > Item
2024-05-17 17:28:42.771 | WARNING  | crm.tasks:fetch_trends_realtime_task:217 - For Loop Topic List
2024-05-17 17:28:42.774 | WARNING  | crm.tasks:fetch_trends_realtime_task:219 - For Loop Topic List > Item
2024-05-17 17:28:42.778 | WARNING  | crm.tasks:fetch_trends_realtime_task:219 - For Loop Topic List > Item
2024-05-17 17:28:42.782 | WARNING  | crm.tasks:fetch_trends_realtime_task:219 - For Loop Topic List > Item
2024-05-17 17:28:42.787 | WARNING  | crm.tasks:fetch_trends_realtime_task:219 - For Loop Topic List > Item
2024-05-17 17:28:42.792 | WARNING  | crm.tasks:fetch_trends_realtime_task:219 - For Loop Topic List > Item
2024-05-17 17:28:42.797 | WARNING  | crm.tasks:fetch_trends_realtime_task:217 - For Loop Topic List
2024-05-17 17:28:42.800 | WARNING  | crm.tasks:fetch_trends_realtime_task:219 - For Loop Topic List > Item
2024-05-17 17:28:42.805 | WARNING  | crm.tasks:fetch_trends_realtime_task:219 - For Loop Topic List > Item
2024-05-17 17:28:42.811 | WARNING  | crm.tasks:fetch_trends_realtime_task:219 - For Loop Topic List > Item
2024-05-17 17:28:42.817 | WARNING  | crm.tasks:fetch_trends_realtime_task:219 - For Loop Topic List > Item
2024-05-17 17:28:42.822 | WARNING  | crm.tasks:fetch_trends_realtime_task:217 - For Loop Topic List
2024-05-17 17:28:42.825 | WARNING  | crm.tasks:fetch_trends_realtime_task:219 - For Loop Topic List > Item
2024-05-17 17:28:42.831 | WARNING  | crm.tasks:fetch_trends_realtime_task:219 - For Loop Topic List > Item
2024-05-17 17:28:42.834 | WARNING  | crm.tasks:fetch_trends_realtime_task:219 - For Loop Topic List > Item
2024-05-17 17:28:42.838 | WARNING  | crm.tasks:fetch_trends_realtime_task:217 - For Loop Topic List
2024-05-17 17:28:42.841 | WARNING  | crm.tasks:fetch_trends_realtime_task:219 - For Loop Topic List > Item
2024-05-17 17:28:42.846 | WARNING  | crm.tasks:fetch_trends_realtime_task:219 - For Loop Topic List > Item
2024-05-17 17:28:42.851 | WARNING  | crm.tasks:fetch_trends_realtime_task:217 - For Loop Topic List
2024-05-17 17:28:42.862 | WARNING  | crm.tasks:fetch_trends_realtime_task:219 - For Loop Topic List > Item
2024-05-17 17:28:42.886 | WARNING  | crm.tasks:fetch_trends_realtime_task:240 - Table Saved for topic Rudy Gobert
2024-05-17 17:28:42.889 | WARNING  | crm.tasks:fetch_trends_realtime_task:219 - For Loop Topic List > Item
2024-05-17 17:28:42.895 | WARNING  | crm.tasks:fetch_trends_realtime_task:219 - For Loop Topic List > Item
2024-05-17 17:28:42.900 | WARNING  | crm.tasks:fetch_trends_realtime_task:219 - For Loop Topic List > Item
2024-05-17 17:28:42.905 | WARNING  | crm.tasks:fetch_trends_realtime_task:219 - For Loop Topic List > Item
2024-05-17 17:28:42.931 | WARNING  | crm.tasks:fetch_trends_realtime_task:240 - Table Saved for topic Draymond Green
2024-05-17 17:28:42.932 | WARNING  | crm.tasks:fetch_trends_realtime_task:219 - For Loop Topic List > Item
2024-05-17 17:28:42.940 | WARNING  | crm.tasks:fetch_trends_realtime_task:217 - For Loop Topic List
2024-05-17 17:28:42.942 | WARNING  | crm.tasks:fetch_trends_realtime_task:219 - For Loop Topic List > Item
2024-05-17 17:28:42.946 | WARNING  | crm.tasks:fetch_trends_realtime_task:219 - For Loop Topic List > Item
2024-05-17 17:28:42.955 | WARNING  | crm.tasks:fetch_trends_realtime_task:219 - For Loop Topic List > Item
2024-05-17 17:28:42.959 | WARNING  | crm.tasks:fetch_trends_realtime_task:219 - For Loop Topic List > Item
2024-05-17 17:28:42.963 | WARNING  | crm.tasks:fetch_trends_realtime_task:217 - For Loop Topic List
2024-05-17 17:28:42.966 | WARNING  | crm.tasks:fetch_trends_realtime_task:219 - For Loop Topic List > Item
2024-05-17 17:28:42.970 | WARNING  | crm.tasks:fetch_trends_realtime_task:219 - For Loop Topic List > Item
2024-05-17 17:28:42.975 | WARNING  | crm.tasks:fetch_trends_realtime_task:219 - For Loop Topic List > Item
2024-05-17 17:28:42.979 | WARNING  | crm.tasks:fetch_trends_realtime_task:219 - For Loop Topic List > Item
2024-05-17 17:28:42.989 | WARNING  | crm.tasks:fetch_trends_realtime_task:217 - For Loop Topic List
2024-05-17 17:28:42.991 | WARNING  | crm.tasks:fetch_trends_realtime_task:219 - For Loop Topic List > Item
2024-05-17 17:28:42.995 | WARNING  | crm.tasks:fetch_trends_realtime_task:219 - For Loop Topic List > Item
2024-05-17 17:28:43.000 | WARNING  | crm.tasks:fetch_trends_realtime_task:219 - For Loop Topic List > Item
2024-05-17 17:28:43.020 | WARNING  | crm.tasks:fetch_trends_realtime_task:240 - Table Saved for topic Storm
2024-05-17 17:28:43.022 | WARNING  | crm.tasks:fetch_trends_realtime_task:219 - For Loop Topic List > Item
2024-05-17 17:28:43.045 | WARNING  | crm.tasks:fetch_trends_realtime_task:240 - Table Saved for topic Marketing
2024-05-17 17:28:43.047 | WARNING  | crm.tasks:fetch_trends_realtime_task:217 - For Loop Topic List
2024-05-17 17:28:43.049 | WARNING  | crm.tasks:fetch_trends_realtime_task:219 - For Loop Topic List > Item
2024-05-17 17:28:43.067 | WARNING  | crm.tasks:fetch_trends_realtime_task:240 - Table Saved for topic John Oates
2024-05-17 17:28:43.069 | WARNING  | crm.tasks:fetch_trends_realtime_task:219 - For Loop Topic List > Item
2024-05-17 17:28:43.090 | WARNING  | crm.tasks:fetch_trends_realtime_task:240 - Table Saved for topic Daryl Hall & John Oates
2024-05-17 17:28:43.092 | WARNING  | crm.tasks:fetch_trends_realtime_task:219 - For Loop Topic List > Item
2024-05-17 17:28:43.112 | WARNING  | crm.tasks:fetch_trends_realtime_task:240 - Table Saved for topic Daryl Hall
2024-05-17 17:28:43.114 | WARNING  | crm.tasks:fetch_trends_realtime_task:217 - For Loop Topic List
2024-05-17 17:28:43.116 | WARNING  | crm.tasks:fetch_trends_realtime_task:219 - For Loop Topic List > Item
2024-05-17 17:28:43.120 | WARNING  | crm.tasks:fetch_trends_realtime_task:219 - For Loop Topic List > Item
2024-05-17 17:28:43.126 | WARNING  | crm.tasks:fetch_trends_realtime_task:219 - For Loop Topic List > Item
2024-05-17 17:28:43.132 | WARNING  | crm.tasks:fetch_trends_realtime_task:219 - For Loop Topic List > Item
2024-05-17 17:28:43.136 | WARNING  | crm.tasks:fetch_trends_realtime_task:219 - For Loop Topic List > Item
2024-05-17 17:28:43.141 | WARNING  | crm.tasks:fetch_trends_realtime_task:217 - For Loop Topic List
2024-05-17 17:28:43.143 | WARNING  | crm.tasks:fetch_trends_realtime_task:219 - For Loop Topic List > Item
2024-05-17 17:28:43.147 | WARNING  | crm.tasks:fetch_trends_realtime_task:219 - For Loop Topic List > Item
2024-05-17 17:28:43.153 | WARNING  | crm.tasks:fetch_trends_realtime_task:219 - For Loop Topic List > Item
2024-05-17 17:28:43.157 | WARNING  | crm.tasks:fetch_trends_realtime_task:217 - For Loop Topic List
2024-05-17 17:28:43.160 | WARNING  | crm.tasks:fetch_trends_realtime_task:219 - For Loop Topic List > Item
2024-05-17 17:28:43.164 | WARNING  | crm.tasks:fetch_trends_realtime_task:219 - For Loop Topic List > Item
2024-05-17 17:28:43.169 | WARNING  | crm.tasks:fetch_trends_realtime_task:219 - For Loop Topic List > Item
2024-05-17 17:28:43.175 | WARNING  | crm.tasks:fetch_trends_realtime_task:219 - For Loop Topic List > Item
2024-05-17 17:28:43.179 | WARNING  | crm.tasks:fetch_trends_realtime_task:219 - For Loop Topic List > Item
2024-05-17 17:28:43.184 | WARNING  | crm.tasks:fetch_trends_realtime_task:219 - For Loop Topic List > Item
2024-05-17 17:28:43.188 | WARNING  | crm.tasks:fetch_trends_realtime_task:217 - For Loop Topic List
2024-05-17 17:28:43.189 | WARNING  | crm.tasks:fetch_trends_realtime_task:219 - For Loop Topic List > Item
2024-05-17 17:28:43.193 | WARNING  | crm.tasks:fetch_trends_realtime_task:219 - For Loop Topic List > Item
2024-05-17 17:28:43.198 | WARNING  | crm.tasks:fetch_trends_realtime_task:219 - For Loop Topic List > Item
2024-05-17 17:28:43.203 | WARNING  | crm.tasks:fetch_trends_realtime_task:217 - For Loop Topic List
2024-05-17 17:28:43.204 | WARNING  | crm.tasks:fetch_trends_realtime_task:219 - For Loop Topic List > Item
2024-05-17 17:28:43.208 | WARNING  | crm.tasks:fetch_trends_realtime_task:219 - For Loop Topic List > Item
2024-05-17 17:28:43.239 | WARNING  | crm.tasks:fetch_trends_realtime_task:240 - Table Saved for topic Electrical grid
2024-05-17 17:28:43.241 | WARNING  | crm.tasks:fetch_trends_realtime_task:219 - For Loop Topic List > Item
2024-05-17 17:28:43.257 | WARNING  | crm.tasks:fetch_trends_realtime_task:240 - Table Saved for topic North American Electric Reliability Corporation
2024-05-17 17:28:43.258 | WARNING  | crm.tasks:fetch_trends_realtime_task:219 - For Loop Topic List > Item
2024-05-17 17:28:43.274 | WARNING  | crm.tasks:fetch_trends_realtime_task:240 - Table Saved for topic Energy
2024-05-17 17:28:43.276 | WARNING  | crm.tasks:fetch_trends_realtime_task:219 - For Loop Topic List > Item
2024-05-17 17:28:43.291 | WARNING  | crm.tasks:fetch_trends_realtime_task:240 - Table Saved for topic Electric Reliability Council of Texas
2024-05-17 17:28:43.293 | WARNING  | crm.tasks:fetch_trends_realtime_task:219 - For Loop Topic List > Item
2024-05-17 17:28:43.297 | WARNING  | crm.tasks:fetch_trends_realtime_task:217 - For Loop Topic List
2024-05-17 17:28:43.298 | WARNING  | crm.tasks:fetch_trends_realtime_task:219 - For Loop Topic List > Item
2024-05-17 17:28:43.302 | WARNING  | crm.tasks:fetch_trends_realtime_task:219 - For Loop Topic List > Item
2024-05-17 17:28:43.307 | WARNING  | crm.tasks:fetch_trends_realtime_task:219 - For Loop Topic List > Item
2024-05-17 17:28:43.311 | WARNING  | crm.tasks:fetch_trends_realtime_task:219 - For Loop Topic List > Item
2024-05-17 17:28:43.314 | WARNING  | crm.tasks:fetch_trends_realtime_task:217 - For Loop Topic List
2024-05-17 17:28:43.316 | WARNING  | crm.tasks:fetch_trends_realtime_task:219 - For Loop Topic List > Item
2024-05-17 17:28:43.320 | WARNING  | crm.tasks:fetch_trends_realtime_task:219 - For Loop Topic List > Item
2024-05-17 17:28:43.338 | WARNING  | crm.tasks:fetch_trends_realtime_task:240 - Table Saved for topic Tigirlily Gold
2024-05-17 17:28:43.340 | WARNING  | crm.tasks:fetch_trends_realtime_task:219 - For Loop Topic List > Item
2024-05-17 17:28:43.357 | WARNING  | crm.tasks:fetch_trends_realtime_task:240 - Table Saved for topic North Dakota
2024-05-17 17:28:43.359 | WARNING  | crm.tasks:fetch_trends_realtime_task:219 - For Loop Topic List > Item
2024-05-17 17:28:43.375 | WARNING  | crm.tasks:fetch_trends_realtime_task:240 - Table Saved for topic Country music
2024-05-17 17:28:43.377 | WARNING  | crm.tasks:fetch_trends_realtime_task:217 - For Loop Topic List
2024-05-17 17:28:43.379 | WARNING  | crm.tasks:fetch_trends_realtime_task:219 - For Loop Topic List > Item
2024-05-17 17:28:43.382 | WARNING  | crm.tasks:fetch_trends_realtime_task:219 - For Loop Topic List > Item
2024-05-17 17:28:43.386 | WARNING  | crm.tasks:fetch_trends_realtime_task:219 - For Loop Topic List > Item
2024-05-17 17:28:43.389 | WARNING  | crm.tasks:fetch_trends_realtime_task:219 - For Loop Topic List > Item
2024-05-17 17:28:43.407 | WARNING  | crm.tasks:fetch_trends_realtime_task:240 - Table Saved for topic Boynton Beach
2024-05-17 17:28:43.409 | WARNING  | crm.tasks:fetch_trends_realtime_task:217 - For Loop Topic List
2024-05-17 17:28:43.411 | WARNING  | crm.tasks:fetch_trends_realtime_task:219 - For Loop Topic List > Item
2024-05-17 17:28:43.414 | WARNING  | crm.tasks:fetch_trends_realtime_task:219 - For Loop Topic List > Item
2024-05-17 17:28:43.418 | WARNING  | crm.tasks:fetch_trends_realtime_task:219 - For Loop Topic List > Item
2024-05-17 17:28:43.421 | WARNING  | crm.tasks:fetch_trends_realtime_task:217 - For Loop Topic List
2024-05-17 17:28:43.424 | WARNING  | crm.tasks:fetch_trends_realtime_task:219 - For Loop Topic List > Item
2024-05-17 17:28:43.440 | WARNING  | crm.tasks:fetch_trends_realtime_task:240 - Table Saved for topic The University of Southern Mississippi
2024-05-17 17:28:43.441 | WARNING  | crm.tasks:fetch_trends_realtime_task:219 - For Loop Topic List > Item
2024-05-17 17:28:43.445 | WARNING  | crm.tasks:fetch_trends_realtime_task:219 - For Loop Topic List > Item
2024-05-17 17:28:43.462 | WARNING  | crm.tasks:fetch_trends_realtime_task:240 - Table Saved for topic Southern Miss Golden Eagles baseball
2024-05-17 17:28:43.465 | WARNING  | crm.tasks:fetch_trends_realtime_task:219 - For Loop Topic List > Item
2024-05-17 17:28:43.481 | WARNING  | crm.tasks:fetch_trends_realtime_task:240 - Table Saved for topic Ole Miss Rebels baseball
2024-05-17 17:28:43.483 | WARNING  | crm.tasks:fetch_trends_realtime_task:219 - For Loop Topic List > Item
2024-05-17 17:28:43.488 | WARNING  | crm.tasks:fetch_trends_realtime_task:217 - For Loop Topic List
2024-05-17 17:28:43.490 | WARNING  | crm.tasks:fetch_trends_realtime_task:219 - For Loop Topic List > Item
2024-05-17 17:28:43.495 | WARNING  | crm.tasks:fetch_trends_realtime_task:219 - For Loop Topic List > Item
2024-05-17 17:28:43.500 | WARNING  | crm.tasks:fetch_trends_realtime_task:219 - For Loop Topic List > Item
2024-05-17 17:28:43.504 | WARNING  | crm.tasks:fetch_trends_realtime_task:217 - For Loop Topic List
2024-05-17 17:28:43.506 | WARNING  | crm.tasks:fetch_trends_realtime_task:219 - For Loop Topic List > Item
2024-05-17 17:28:43.510 | WARNING  | crm.tasks:fetch_trends_realtime_task:219 - For Loop Topic List > Item
2024-05-17 17:28:43.514 | WARNING  | crm.tasks:fetch_trends_realtime_task:219 - For Loop Topic List > Item
2024-05-17 17:28:43.519 | WARNING  | crm.tasks:fetch_trends_realtime_task:219 - For Loop Topic List > Item
2024-05-17 17:28:43.523 | WARNING  | crm.tasks:fetch_trends_realtime_task:217 - For Loop Topic List
2024-05-17 17:28:43.525 | WARNING  | crm.tasks:fetch_trends_realtime_task:219 - For Loop Topic List > Item
2024-05-17 17:28:43.529 | WARNING  | crm.tasks:fetch_trends_realtime_task:219 - For Loop Topic List > Item
2024-05-17 17:28:43.534 | WARNING  | crm.tasks:fetch_trends_realtime_task:219 - For Loop Topic List > Item
2024-05-17 17:28:43.539 | WARNING  | crm.tasks:fetch_trends_realtime_task:217 - For Loop Topic List
2024-05-17 17:28:43.541 | WARNING  | crm.tasks:fetch_trends_realtime_task:219 - For Loop Topic List > Item
2024-05-17 17:28:43.545 | WARNING  | crm.tasks:fetch_trends_realtime_task:219 - For Loop Topic List > Item
2024-05-17 17:28:43.549 | WARNING  | crm.tasks:fetch_trends_realtime_task:217 - For Loop Topic List
2024-05-17 17:28:43.551 | WARNING  | crm.tasks:fetch_trends_realtime_task:219 - For Loop Topic List > Item
2024-05-17 17:28:43.574 | WARNING  | crm.tasks:fetch_trends_realtime_task:240 - Table Saved for topic Samuel Alito
2024-05-17 17:28:43.577 | WARNING  | crm.tasks:fetch_trends_realtime_task:219 - For Loop Topic List > Item
2024-05-17 17:28:43.581 | WARNING  | crm.tasks:fetch_trends_realtime_task:219 - For Loop Topic List > Item
2024-05-17 17:28:43.589 | WARNING  | crm.tasks:fetch_trends_realtime_task:217 - For Loop Topic List
2024-05-17 17:28:43.592 | WARNING  | crm.tasks:fetch_trends_realtime_task:219 - For Loop Topic List > Item
2024-05-17 17:28:43.607 | WARNING  | crm.tasks:fetch_trends_realtime_task:240 - Table Saved for topic Saginaw
2024-05-17 17:28:43.609 | WARNING  | crm.tasks:fetch_trends_realtime_task:219 - For Loop Topic List > Item
2024-05-17 17:28:43.625 | WARNING  | crm.tasks:fetch_trends_realtime_task:240 - Table Saved for topic Interstate 75
2024-05-17 17:28:43.627 | WARNING  | crm.tasks:fetch_trends_realtime_task:219 - For Loop Topic List > Item
2024-05-17 17:28:43.644 | WARNING  | crm.tasks:fetch_trends_realtime_task:240 - Table Saved for topic Buena Vista charter Township
2024-05-17 17:28:43.646 | WARNING  | crm.tasks:fetch_trends_realtime_task:219 - For Loop Topic List > Item
2024-05-17 17:28:43.662 | WARNING  | crm.tasks:fetch_trends_realtime_task:240 - Table Saved for topic Michigan State Police
2024-05-17 17:28:43.664 | WARNING  | crm.tasks:fetch_trends_realtime_task:217 - For Loop Topic List
2024-05-17 17:28:43.666 | WARNING  | crm.tasks:fetch_trends_realtime_task:219 - For Loop Topic List > Item
2024-05-17 17:28:43.685 | WARNING  | crm.tasks:fetch_trends_realtime_task:240 - Table Saved for topic Mavis Leno
2024-05-17 17:28:43.687 | WARNING  | crm.tasks:fetch_trends_realtime_task:219 - For Loop Topic List > Item
2024-05-17 17:28:43.705 | WARNING  | crm.tasks:fetch_trends_realtime_task:240 - Table Saved for topic Jay Leno
2024-05-17 17:28:43.707 | WARNING  | crm.tasks:fetch_trends_realtime_task:219 - For Loop Topic List > Item
2024-05-17 17:28:43.724 | WARNING  | crm.tasks:fetch_trends_realtime_task:240 - Table Saved for topic Fox News
2024-05-17 17:28:43.726 | WARNING  | crm.tasks:fetch_trends_realtime_task:217 - For Loop Topic List
2024-05-17 17:28:43.732 | WARNING  | crm.tasks:fetch_trends_realtime_task:219 - For Loop Topic List > Item
2024-05-17 17:28:43.735 | WARNING  | crm.tasks:fetch_trends_realtime_task:219 - For Loop Topic List > Item
2024-05-17 17:28:43.741 | WARNING  | crm.tasks:fetch_trends_realtime_task:219 - For Loop Topic List > Item
2024-05-17 17:28:43.745 | WARNING  | crm.tasks:fetch_trends_realtime_task:219 - For Loop Topic List > Item
2024-05-17 17:28:43.749 | WARNING  | crm.tasks:fetch_trends_realtime_task:217 - For Loop Topic List
2024-05-17 17:28:43.751 | WARNING  | crm.tasks:fetch_trends_realtime_task:219 - For Loop Topic List > Item
2024-05-17 17:28:43.758 | WARNING  | crm.tasks:fetch_trends_realtime_task:219 - For Loop Topic List > Item
2024-05-17 17:28:43.778 | WARNING  | crm.tasks:fetch_trends_realtime_task:240 - Table Saved for topic Carolina Hurricanes
2024-05-17 17:28:43.780 | WARNING  | crm.tasks:fetch_trends_realtime_task:219 - For Loop Topic List > Item
2024-05-17 17:28:43.797 | WARNING  | crm.tasks:fetch_trends_realtime_task:240 - Table Saved for topic Chris Kreider
2024-05-17 17:28:43.799 | WARNING  | crm.tasks:fetch_trends_realtime_task:219 - For Loop Topic List > Item
2024-05-17 17:28:43.803 | WARNING  | crm.tasks:fetch_trends_realtime_task:219 - For Loop Topic List > Item
2024-05-17 17:28:43.827 | WARNING  | crm.tasks:fetch_trends_realtime_task:240 - Table Saved for topic Eastern Conference
2024-05-17 17:28:43.830 | WARNING  | crm.tasks:fetch_trends_realtime_task:217 - For Loop Topic List
2024-05-17 17:28:43.832 | WARNING  | crm.tasks:fetch_trends_realtime_task:219 - For Loop Topic List > Item
2024-05-17 17:28:43.837 | WARNING  | crm.tasks:fetch_trends_realtime_task:219 - For Loop Topic List > Item
2024-05-17 17:28:43.841 | WARNING  | crm.tasks:fetch_trends_realtime_task:217 - For Loop Topic List
2024-05-17 17:28:43.844 | WARNING  | crm.tasks:fetch_trends_realtime_task:219 - For Loop Topic List > Item
2024-05-17 17:28:43.867 | WARNING  | crm.tasks:fetch_trends_realtime_task:240 - Table Saved for topic Miranda Lambert
2024-05-17 17:28:43.869 | WARNING  | crm.tasks:fetch_trends_realtime_task:219 - For Loop Topic List > Item
2024-05-17 17:28:43.873 | WARNING  | crm.tasks:fetch_trends_realtime_task:219 - For Loop Topic List > Item
2024-05-17 17:28:43.897 | WARNING  | crm.tasks:fetch_trends_realtime_task:240 - Table Saved for topic Blake Shelton
2024-05-17 17:28:43.899 | WARNING  | crm.tasks:fetch_trends_realtime_task:217 - For Loop Topic List
2024-05-17 17:28:43.901 | WARNING  | crm.tasks:fetch_trends_realtime_task:219 - For Loop Topic List > Item
2024-05-17 17:28:43.920 | WARNING  | crm.tasks:fetch_trends_realtime_task:240 - Table Saved for topic Johnson Wagner
2024-05-17 17:28:43.922 | WARNING  | crm.tasks:fetch_trends_realtime_task:219 - For Loop Topic List > Item
2024-05-17 17:28:43.943 | WARNING  | crm.tasks:fetch_trends_realtime_task:240 - Table Saved for topic Yips
2024-05-17 17:28:43.945 | WARNING  | crm.tasks:fetch_trends_realtime_task:219 - For Loop Topic List > Item
2024-05-17 17:28:43.949 | WARNING  | crm.tasks:fetch_trends_realtime_task:219 - For Loop Topic List > Item
2024-05-17 17:28:43.957 | WARNING  | crm.tasks:fetch_trends_realtime_task:219 - For Loop Topic List > Item
2024-05-17 17:28:43.964 | WARNING  | crm.tasks:fetch_trends_realtime_task:217 - For Loop Topic List
2024-05-17 17:28:43.970 | WARNING  | crm.tasks:fetch_trends_realtime_task:219 - For Loop Topic List > Item
2024-05-17 17:28:43.990 | WARNING  | crm.tasks:fetch_trends_realtime_task:240 - Table Saved for topic Evander Kane
2024-05-17 17:28:43.992 | WARNING  | crm.tasks:fetch_trends_realtime_task:219 - For Loop Topic List > Item
2024-05-17 17:28:43.996 | WARNING  | crm.tasks:fetch_trends_realtime_task:219 - For Loop Topic List > Item
2024-05-17 17:28:44.001 | WARNING  | crm.tasks:fetch_trends_realtime_task:244 - Fetch Trends Real Time Task Ended
2024-05-17 17:28:45.817 | WARNING  | crm.tasks:generate_short_content_task:363 - Generate Short Content Task Ended
2024-05-17 17:29:35.647 | WARNING  | crm.tasks:fetch_article_data_task:274 - For loop in Gnews
2024-05-17 17:29:35.651 | WARNING  | crm.tasks:fetch_article_data_task:278 - Article Download Starts
2024-05-17 17:29:36.092 | WARNING  | crm.tasks:generate_short_content_task:348 - Generate Short Content Task Started
2024-05-17 17:29:36.102 | WARNING  | crm.tasks:generate_short_content_task:363 - Generate Short Content Task Ended
2024-05-17 17:29:36.329 | WARNING  | crm.tasks:generate_realated_trend_task:373 - Generate Related Trends Task Started
2024-05-17 17:29:36.365 | WARNING  | crm.tasks:generate_content_info_task:422 - Generate Content Info Task Started
2024-05-17 17:29:36.391 | WARNING  | crm.tasks:generate_content_task:474 - Generate Content Task Started
2024-05-17 17:29:36.387 | WARNING  | crm.tasks:generate_content_info_task:468 - Generate Content Info Task Exception Expecting value: line 1 column 1 (char 0)
2024-05-17 17:29:36.434 | WARNING  | crm.tasks:generate_meta_info_task:570 - Generate Meta Task Started
2024-05-17 17:29:36.441 | WARNING  | crm.tasks:generate_image_prompt_task:517 - Generate Image Prompt Task Started
2024-05-17 17:29:36.455 | WARNING  | crm.tasks:generate_meta_info_task:588 - Generate Meta Task Ended
2024-05-17 17:29:36.473 | WARNING  | crm.tasks:fetch_api_website:599 - API hit Website Started
2024-05-17 17:29:36.512 | WARNING  | crm.tasks:fetch_article_data_task:280 - Article Download Successful
2024-05-17 17:29:36.942 | WARNING  | crm.tasks:fetch_article_data_task:283 - Article parse Successful
2024-05-17 17:29:36.948 | WARNING  | crm.tasks:fetch_article_data_task:274 - For loop in Gnews
2024-05-17 17:29:36.951 | WARNING  | crm.tasks:fetch_article_data_task:278 - Article Download Starts
2024-05-17 17:29:38.292 | WARNING  | crm.tasks:fetch_api_website:608 - API hit successful!
2024-05-17 17:29:38.299 | WARNING  | crm.tasks:fetch_api_website:618 - API post does not exist
2024-05-17 17:29:38.303 | WARNING  | crm.tasks:fetch_api_website:618 - API post does not exist
2024-05-17 17:29:38.306 | WARNING  | crm.tasks:fetch_api_website:618 - API post does not exist
2024-05-17 17:29:38.309 | WARNING  | crm.tasks:fetch_api_website:618 - API post does not exist
2024-05-17 17:29:38.312 | WARNING  | crm.tasks:fetch_api_website:618 - API post does not exist
2024-05-17 17:29:38.316 | WARNING  | crm.tasks:fetch_api_website:618 - API post does not exist
2024-05-17 17:29:38.319 | WARNING  | crm.tasks:fetch_api_website:618 - API post does not exist
2024-05-17 17:29:38.322 | WARNING  | crm.tasks:fetch_api_website:618 - API post does not exist
2024-05-17 17:29:38.326 | WARNING  | crm.tasks:fetch_api_website:618 - API post does not exist
2024-05-17 17:29:38.329 | WARNING  | crm.tasks:fetch_api_website:618 - API post does not exist
2024-05-17 17:29:38.333 | WARNING  | crm.tasks:fetch_api_website:618 - API post does not exist
2024-05-17 17:29:38.336 | WARNING  | crm.tasks:fetch_api_website:618 - API post does not exist
2024-05-17 17:29:38.340 | WARNING  | crm.tasks:fetch_api_website:618 - API post does not exist
2024-05-17 17:29:38.344 | WARNING  | crm.tasks:fetch_api_website:618 - API post does not exist
2024-05-17 17:29:38.347 | WARNING  | crm.tasks:fetch_api_website:618 - API post does not exist
2024-05-17 17:29:39.038 | WARNING  | crm.tasks:fetch_article_data_task:280 - Article Download Successful
2024-05-17 17:29:39.447 | WARNING  | crm.tasks:fetch_article_data_task:283 - Article parse Successful
2024-05-17 17:29:39.450 | WARNING  | crm.tasks:fetch_article_data_task:274 - For loop in Gnews
2024-05-17 17:29:39.453 | WARNING  | crm.tasks:fetch_article_data_task:278 - Article Download Starts
2024-05-17 17:29:41.286 | WARNING  | crm.tasks:fetch_article_data_task:280 - Article Download Successful
2024-05-17 17:29:42.170 | WARNING  | crm.tasks:fetch_article_data_task:283 - Article parse Successful
2024-05-17 17:29:42.171 | WARNING  | crm.tasks:fetch_article_data_task:289 - For loop status break 38424
2024-05-17 17:29:42.175 | WARNING  | crm.tasks:fetch_article_data_task:321 - Scrape Table items not empty
2024-05-17 17:29:42.196 | WARNING  | crm.tasks:fetch_article_data_task:332 - Scrape Table Saved
2024-05-17 17:29:42.211 | WARNING  | crm.tasks:fetch_article_data_task:335 - Trending table Status updated
2024-05-17 17:29:42.213 | WARNING  | crm.tasks:fetch_article_data_task:336 - Fetch Article Data Task Completed
2024-05-17 17:29:43.455 | WARNING  | crm.tasks:generate_realated_trend_task:411 - Generate Related Trends Task Ended
2024-05-17 17:30:36.095 | WARNING  | crm.tasks:generate_short_content_task:348 - Generate Short Content Task Started
2024-05-17 17:30:36.342 | WARNING  | crm.tasks:generate_realated_trend_task:373 - Generate Related Trends Task Started
2024-05-17 17:30:36.353 | WARNING  | crm.tasks:generate_realated_trend_task:411 - Generate Related Trends Task Ended
2024-05-17 17:30:36.363 | WARNING  | crm.tasks:generate_content_info_task:422 - Generate Content Info Task Started
2024-05-17 17:30:36.384 | WARNING  | crm.tasks:generate_content_info_task:468 - Generate Content Info Task Exception Expecting value: line 1 column 1 (char 0)
2024-05-17 17:30:36.397 | WARNING  | crm.tasks:generate_content_task:474 - Generate Content Task Started
2024-05-17 17:30:36.412 | WARNING  | crm.tasks:generate_meta_info_task:570 - Generate Meta Task Started
2024-05-17 17:30:36.425 | WARNING  | crm.tasks:generate_meta_info_task:588 - Generate Meta Task Ended
2024-05-17 17:30:36.432 | WARNING  | crm.tasks:generate_image_prompt_task:517 - Generate Image Prompt Task Started
2024-05-17 17:30:36.481 | WARNING  | crm.tasks:fetch_api_website:599 - API hit Website Started
2024-05-17 17:30:36.520 | WARNING  | crm.tasks:fetch_article_data_task:254 - Fetch Article Data Task Started
2024-05-17 17:30:36.533 | WARNING  | crm.tasks:fetch_article_data_task:258 - Get first item of Trending with status Saved,trending_object
2024-05-17 17:30:38.529 | WARNING  | crm.tasks:fetch_api_website:608 - API hit successful!
2024-05-17 17:30:38.536 | WARNING  | crm.tasks:fetch_api_website:618 - API post does not exist
2024-05-17 17:30:38.542 | WARNING  | crm.tasks:fetch_api_website:618 - API post does not exist
2024-05-17 17:30:38.546 | WARNING  | crm.tasks:fetch_api_website:618 - API post does not exist
2024-05-17 17:30:38.551 | WARNING  | crm.tasks:fetch_api_website:618 - API post does not exist
2024-05-17 17:30:38.556 | WARNING  | crm.tasks:fetch_api_website:618 - API post does not exist
2024-05-17 17:30:38.560 | WARNING  | crm.tasks:fetch_api_website:618 - API post does not exist
2024-05-17 17:30:38.565 | WARNING  | crm.tasks:fetch_api_website:618 - API post does not exist
2024-05-17 17:30:38.570 | WARNING  | crm.tasks:fetch_api_website:618 - API post does not exist
2024-05-17 17:30:38.576 | WARNING  | crm.tasks:fetch_api_website:618 - API post does not exist
2024-05-17 17:30:38.582 | WARNING  | crm.tasks:fetch_api_website:618 - API post does not exist
2024-05-17 17:30:38.587 | WARNING  | crm.tasks:fetch_api_website:618 - API post does not exist
2024-05-17 17:30:38.591 | WARNING  | crm.tasks:fetch_api_website:618 - API post does not exist
2024-05-17 17:30:38.597 | WARNING  | crm.tasks:fetch_api_website:618 - API post does not exist
2024-05-17 17:30:38.602 | WARNING  | crm.tasks:fetch_api_website:618 - API post does not exist
2024-05-17 17:30:38.606 | WARNING  | crm.tasks:fetch_api_website:618 - API post does not exist
2024-05-17 17:30:50.212 | WARNING  | crm.tasks:generate_short_content_task:363 - Generate Short Content Task Ended
2024-05-17 17:31:33.661 | WARNING  | crm.tasks:fetch_article_data_task:274 - For loop in Gnews
2024-05-17 17:31:33.664 | WARNING  | crm.tasks:fetch_article_data_task:278 - Article Download Starts
2024-05-17 17:31:34.537 | WARNING  | crm.tasks:fetch_article_data_task:280 - Article Download Successful
2024-05-17 17:31:34.943 | WARNING  | crm.tasks:fetch_article_data_task:283 - Article parse Successful
2024-05-17 17:31:34.947 | WARNING  | crm.tasks:fetch_article_data_task:274 - For loop in Gnews
2024-05-17 17:31:34.950 | WARNING  | crm.tasks:fetch_article_data_task:278 - Article Download Starts
2024-05-17 17:31:36.099 | WARNING  | crm.tasks:generate_short_content_task:348 - Generate Short Content Task Started
2024-05-17 17:31:36.117 | WARNING  | crm.tasks:generate_short_content_task:363 - Generate Short Content Task Ended
2024-05-17 17:31:36.640 | WARNING  | crm.tasks:generate_realated_trend_task:373 - Generate Related Trends Task Started
2024-05-17 17:31:36.651 | WARNING  | crm.tasks:generate_content_info_task:422 - Generate Content Info Task Started
2024-05-17 17:31:36.669 | WARNING  | crm.tasks:generate_content_info_task:468 - Generate Content Info Task Exception Expecting value: line 1 column 1 (char 0)
2024-05-17 17:31:36.679 | WARNING  | crm.tasks:generate_content_task:474 - Generate Content Task Started
2024-05-17 17:31:36.693 | WARNING  | crm.tasks:generate_meta_info_task:570 - Generate Meta Task Started
2024-05-17 17:31:36.710 | WARNING  | crm.tasks:generate_image_prompt_task:517 - Generate Image Prompt Task Started
2024-05-17 17:31:36.709 | WARNING  | crm.tasks:generate_meta_info_task:588 - Generate Meta Task Ended
2024-05-17 17:31:36.755 | WARNING  | crm.tasks:fetch_api_website:599 - API hit Website Started
2024-05-17 17:31:37.111 | WARNING  | crm.tasks:fetch_article_data_task:280 - Article Download Successful
2024-05-17 17:31:37.474 | WARNING  | crm.tasks:fetch_article_data_task:283 - Article parse Successful
2024-05-17 17:31:37.478 | WARNING  | crm.tasks:fetch_article_data_task:274 - For loop in Gnews
2024-05-17 17:31:37.480 | WARNING  | crm.tasks:fetch_article_data_task:278 - Article Download Starts
2024-05-17 17:31:39.340 | WARNING  | crm.tasks:fetch_article_data_task:280 - Article Download Successful
2024-05-17 17:31:39.760 | WARNING  | crm.tasks:fetch_article_data_task:283 - Article parse Successful
2024-05-17 17:31:39.765 | WARNING  | crm.tasks:fetch_article_data_task:274 - For loop in Gnews
2024-05-17 17:31:39.768 | WARNING  | crm.tasks:fetch_article_data_task:278 - Article Download Starts
2024-05-17 17:31:43.303 | WARNING  | crm.tasks:fetch_api_website:608 - API hit successful!
2024-05-17 17:31:43.311 | WARNING  | crm.tasks:fetch_api_website:618 - API post does not exist
2024-05-17 17:31:43.315 | WARNING  | crm.tasks:fetch_api_website:618 - API post does not exist
2024-05-17 17:31:43.319 | WARNING  | crm.tasks:fetch_api_website:618 - API post does not exist
2024-05-17 17:31:43.323 | WARNING  | crm.tasks:fetch_api_website:618 - API post does not exist
2024-05-17 17:31:43.328 | WARNING  | crm.tasks:fetch_api_website:618 - API post does not exist
2024-05-17 17:31:43.332 | WARNING  | crm.tasks:fetch_api_website:618 - API post does not exist
2024-05-17 17:31:43.337 | WARNING  | crm.tasks:fetch_api_website:618 - API post does not exist
2024-05-17 17:31:43.342 | WARNING  | crm.tasks:fetch_api_website:618 - API post does not exist
2024-05-17 17:31:43.348 | WARNING  | crm.tasks:fetch_api_website:618 - API post does not exist
2024-05-17 17:31:43.352 | WARNING  | crm.tasks:fetch_api_website:618 - API post does not exist
2024-05-17 17:31:43.355 | WARNING  | crm.tasks:fetch_api_website:618 - API post does not exist
2024-05-17 17:31:43.359 | WARNING  | crm.tasks:fetch_api_website:618 - API post does not exist
2024-05-17 17:31:43.363 | WARNING  | crm.tasks:fetch_api_website:618 - API post does not exist
2024-05-17 17:31:43.367 | WARNING  | crm.tasks:fetch_api_website:618 - API post does not exist
2024-05-17 17:31:43.371 | WARNING  | crm.tasks:fetch_api_website:618 - API post does not exist
2024-05-17 17:31:43.738 | WARNING  | crm.tasks:generate_realated_trend_task:411 - Generate Related Trends Task Ended
2024-05-17 17:31:46.346 | WARNING  | crm.tasks:fetch_article_data_task:280 - Article Download Successful
2024-05-17 17:31:49.828 | WARNING  | crm.tasks:fetch_article_data_task:283 - Article parse Successful
2024-05-17 17:31:49.833 | WARNING  | crm.tasks:fetch_article_data_task:274 - For loop in Gnews
2024-05-17 17:31:49.840 | WARNING  | crm.tasks:fetch_article_data_task:278 - Article Download Starts
2024-05-17 17:31:50.903 | WARNING  | crm.tasks:fetch_article_data_task:280 - Article Download Successful
2024-05-17 17:31:51.623 | WARNING  | crm.tasks:fetch_article_data_task:283 - Article parse Successful
2024-05-17 17:31:51.626 | WARNING  | crm.tasks:fetch_article_data_task:289 - For loop status break 14012
2024-05-17 17:31:51.630 | WARNING  | crm.tasks:fetch_article_data_task:321 - Scrape Table items not empty
2024-05-17 17:31:51.651 | WARNING  | crm.tasks:fetch_article_data_task:332 - Scrape Table Saved
2024-05-17 17:31:51.665 | WARNING  | crm.tasks:fetch_article_data_task:335 - Trending table Status updated
2024-05-17 17:31:51.667 | WARNING  | crm.tasks:fetch_article_data_task:336 - Fetch Article Data Task Completed
2024-05-17 17:32:36.110 | WARNING  | crm.tasks:generate_short_content_task:348 - Generate Short Content Task Started
2024-05-17 17:32:36.526 | WARNING  | crm.tasks:fetch_article_data_task:254 - Fetch Article Data Task Started
2024-05-17 17:32:36.543 | WARNING  | crm.tasks:fetch_article_data_task:258 - Get first item of Trending with status Saved,trending_object
2024-05-17 17:32:36.650 | WARNING  | crm.tasks:generate_realated_trend_task:373 - Generate Related Trends Task Started
2024-05-17 17:32:36.668 | WARNING  | crm.tasks:generate_realated_trend_task:411 - Generate Related Trends Task Ended
2024-05-17 17:32:36.683 | WARNING  | crm.tasks:generate_content_info_task:422 - Generate Content Info Task Started
2024-05-17 17:32:36.723 | WARNING  | crm.tasks:generate_content_task:474 - Generate Content Task Started
2024-05-17 17:32:36.726 | WARNING  | crm.tasks:generate_content_info_task:468 - Generate Content Info Task Exception Expecting value: line 1 column 1 (char 0)
2024-05-17 17:32:36.777 | WARNING  | crm.tasks:generate_meta_info_task:570 - Generate Meta Task Started
2024-05-17 17:32:36.777 | WARNING  | crm.tasks:generate_image_prompt_task:517 - Generate Image Prompt Task Started
2024-05-17 17:32:36.787 | WARNING  | crm.tasks:generate_meta_info_task:588 - Generate Meta Task Ended
2024-05-17 17:32:36.801 | WARNING  | crm.tasks:fetch_api_website:599 - API hit Website Started
2024-05-17 17:32:38.578 | WARNING  | crm.tasks:fetch_api_website:608 - API hit successful!
2024-05-17 17:32:38.587 | WARNING  | crm.tasks:fetch_api_website:618 - API post does not exist
2024-05-17 17:32:38.595 | WARNING  | crm.tasks:fetch_api_website:618 - API post does not exist
2024-05-17 17:32:38.607 | WARNING  | crm.tasks:fetch_api_website:618 - API post does not exist
2024-05-17 17:32:38.614 | WARNING  | crm.tasks:fetch_api_website:618 - API post does not exist
2024-05-17 17:32:38.623 | WARNING  | crm.tasks:fetch_api_website:618 - API post does not exist
2024-05-17 17:32:38.632 | WARNING  | crm.tasks:fetch_api_website:618 - API post does not exist
2024-05-17 17:32:38.641 | WARNING  | crm.tasks:fetch_api_website:618 - API post does not exist
2024-05-17 17:32:38.650 | WARNING  | crm.tasks:fetch_api_website:618 - API post does not exist
2024-05-17 17:32:38.658 | WARNING  | crm.tasks:fetch_api_website:618 - API post does not exist
2024-05-17 17:32:38.667 | WARNING  | crm.tasks:fetch_api_website:618 - API post does not exist
2024-05-17 17:32:38.673 | WARNING  | crm.tasks:fetch_api_website:618 - API post does not exist
2024-05-17 17:32:38.677 | WARNING  | crm.tasks:fetch_api_website:618 - API post does not exist
2024-05-17 17:32:38.681 | WARNING  | crm.tasks:fetch_api_website:618 - API post does not exist
2024-05-17 17:32:38.685 | WARNING  | crm.tasks:fetch_api_website:618 - API post does not exist
2024-05-17 17:32:38.688 | WARNING  | crm.tasks:fetch_api_website:618 - API post does not exist
2024-05-17 17:32:50.420 | WARNING  | crm.tasks:generate_short_content_task:363 - Generate Short Content Task Ended
2024-05-17 17:33:32.577 | WARNING  | crm.tasks:fetch_article_data_task:274 - For loop in Gnews
2024-05-17 17:33:32.580 | WARNING  | crm.tasks:fetch_article_data_task:278 - Article Download Starts
2024-05-17 17:33:33.467 | WARNING  | crm.tasks:fetch_article_data_task:280 - Article Download Successful
2024-05-17 17:33:33.927 | WARNING  | crm.tasks:fetch_article_data_task:283 - Article parse Successful
2024-05-17 17:33:33.931 | WARNING  | crm.tasks:fetch_article_data_task:274 - For loop in Gnews
2024-05-17 17:33:33.934 | WARNING  | crm.tasks:fetch_article_data_task:278 - Article Download Starts
2024-05-17 17:33:36.123 | WARNING  | crm.tasks:generate_short_content_task:348 - Generate Short Content Task Started
2024-05-17 17:33:36.131 | WARNING  | crm.tasks:generate_short_content_task:363 - Generate Short Content Task Ended
2024-05-17 17:33:36.476 | WARNING  | crm.tasks:generate_image_task:539 - Generate Image Task Started
2024-05-17 17:33:36.660 | WARNING  | crm.tasks:generate_realated_trend_task:373 - Generate Related Trends Task Started
2024-05-17 17:33:36.675 | WARNING  | crm.tasks:generate_content_info_task:422 - Generate Content Info Task Started
2024-05-17 17:33:36.700 | WARNING  | crm.tasks:generate_content_info_task:468 - Generate Content Info Task Exception Expecting value: line 1 column 1 (char 0)
2024-05-17 17:33:36.705 | WARNING  | crm.tasks:generate_content_task:474 - Generate Content Task Started
2024-05-17 17:33:36.734 | WARNING  | crm.tasks:generate_meta_info_task:570 - Generate Meta Task Started
2024-05-17 17:33:36.751 | WARNING  | crm.tasks:generate_image_prompt_task:517 - Generate Image Prompt Task Started
2024-05-17 17:33:36.746 | WARNING  | crm.tasks:generate_meta_info_task:588 - Generate Meta Task Ended
2024-05-17 17:33:36.797 | WARNING  | crm.tasks:fetch_api_website:599 - API hit Website Started
2024-05-17 17:33:38.798 | WARNING  | crm.tasks:fetch_api_website:608 - API hit successful!
2024-05-17 17:33:38.806 | WARNING  | crm.tasks:fetch_api_website:618 - API post does not exist
2024-05-17 17:33:38.812 | WARNING  | crm.tasks:fetch_api_website:618 - API post does not exist
2024-05-17 17:33:38.816 | WARNING  | crm.tasks:fetch_api_website:618 - API post does not exist
2024-05-17 17:33:38.819 | WARNING  | crm.tasks:fetch_api_website:618 - API post does not exist
2024-05-17 17:33:38.826 | WARNING  | crm.tasks:fetch_api_website:618 - API post does not exist
2024-05-17 17:33:38.831 | WARNING  | crm.tasks:fetch_api_website:618 - API post does not exist
2024-05-17 17:33:38.838 | WARNING  | crm.tasks:fetch_api_website:618 - API post does not exist
2024-05-17 17:33:38.841 | WARNING  | crm.tasks:fetch_api_website:618 - API post does not exist
2024-05-17 17:33:38.846 | WARNING  | crm.tasks:fetch_api_website:618 - API post does not exist
2024-05-17 17:33:38.853 | WARNING  | crm.tasks:fetch_api_website:618 - API post does not exist
2024-05-17 17:33:38.857 | WARNING  | crm.tasks:fetch_api_website:618 - API post does not exist
2024-05-17 17:33:38.860 | WARNING  | crm.tasks:fetch_api_website:618 - API post does not exist
2024-05-17 17:33:38.864 | WARNING  | crm.tasks:fetch_api_website:618 - API post does not exist
2024-05-17 17:33:38.868 | WARNING  | crm.tasks:fetch_api_website:618 - API post does not exist
2024-05-17 17:33:38.873 | WARNING  | crm.tasks:fetch_api_website:618 - API post does not exist
2024-05-17 17:33:39.675 | WARNING  | crm.tasks:fetch_article_data_task:280 - Article Download Successful
2024-05-17 17:33:40.003 | WARNING  | crm.tasks:fetch_article_data_task:283 - Article parse Successful
2024-05-17 17:33:40.008 | WARNING  | crm.tasks:fetch_article_data_task:274 - For loop in Gnews
2024-05-17 17:33:40.010 | WARNING  | crm.tasks:fetch_article_data_task:278 - Article Download Starts
2024-05-17 17:33:40.685 | WARNING  | crm.tasks:fetch_article_data_task:280 - Article Download Successful
2024-05-17 17:33:40.690 | WARNING  | crm.tasks:fetch_article_data_task:307 - Article Parse exception Article `download()` failed with 403 Client Error: Max restarts limit reached for url: https://www.forbes.com/sites/brianmazique/2024/05/16/undisputed-boxing-release-date-cover-athletes-and-pre-order-info/ on URL https://news.google.com/rss/articles/CBMidmh0dHBzOi8vd3d3LmZvcmJlcy5jb20vc2l0ZXMvYnJpYW5tYXppcXVlLzIwMjQvMDUvMTYvdW5kaXNwdXRlZC1ib3hpbmctcmVsZWFzZS1kYXRlLWNvdmVyLWF0aGxldGVzLWFuZC1wcmUtb3JkZXItaW5mby_SAQA?oc=5&hl=en-IN&gl=IN&ceid=IN:en
2024-05-17 17:33:40.693 | WARNING  | crm.tasks:fetch_article_data_task:274 - For loop in Gnews
2024-05-17 17:33:40.695 | WARNING  | crm.tasks:fetch_article_data_task:278 - Article Download Starts
2024-05-17 17:33:43.008 | WARNING  | crm.tasks:fetch_article_data_task:280 - Article Download Successful
2024-05-17 17:33:44.310 | WARNING  | crm.tasks:fetch_article_data_task:283 - Article parse Successful
2024-05-17 17:33:44.312 | WARNING  | crm.tasks:fetch_article_data_task:289 - For loop status break 9369
2024-05-17 17:33:44.323 | WARNING  | crm.tasks:fetch_article_data_task:321 - Scrape Table items not empty
2024-05-17 17:33:44.347 | WARNING  | crm.tasks:fetch_article_data_task:332 - Scrape Table Saved
2024-05-17 17:33:44.362 | WARNING  | crm.tasks:fetch_article_data_task:335 - Trending table Status updated
2024-05-17 17:33:44.364 | WARNING  | crm.tasks:fetch_article_data_task:336 - Fetch Article Data Task Completed
2024-05-17 17:33:44.463 | WARNING  | crm.tasks:generate_realated_trend_task:411 - Generate Related Trends Task Ended
2024-05-17 17:34:36.126 | WARNING  | crm.tasks:generate_short_content_task:348 - Generate Short Content Task Started
2024-05-17 17:34:36.521 | WARNING  | crm.tasks:fetch_article_data_task:254 - Fetch Article Data Task Started
2024-05-17 17:34:36.533 | WARNING  | crm.tasks:fetch_article_data_task:258 - Get first item of Trending with status Saved,trending_object
2024-05-17 17:34:36.952 | WARNING  | crm.tasks:generate_realated_trend_task:373 - Generate Related Trends Task Started
2024-05-17 17:34:36.962 | WARNING  | crm.tasks:generate_content_info_task:422 - Generate Content Info Task Started
2024-05-17 17:34:36.965 | WARNING  | crm.tasks:generate_realated_trend_task:411 - Generate Related Trends Task Ended
2024-05-17 17:34:36.973 | WARNING  | crm.tasks:generate_content_info_task:468 - Generate Content Info Task Exception Expecting value: line 1 column 1 (char 0)
2024-05-17 17:34:36.983 | WARNING  | crm.tasks:generate_content_task:474 - Generate Content Task Started
2024-05-17 17:34:37.008 | WARNING  | crm.tasks:generate_meta_info_task:570 - Generate Meta Task Started
2024-05-17 17:34:37.017 | WARNING  | crm.tasks:generate_meta_info_task:588 - Generate Meta Task Ended
2024-05-17 17:34:37.020 | WARNING  | crm.tasks:generate_image_prompt_task:517 - Generate Image Prompt Task Started
2024-05-17 17:34:37.059 | WARNING  | crm.tasks:fetch_api_website:599 - API hit Website Started
2024-05-17 17:34:38.958 | WARNING  | crm.tasks:fetch_api_website:608 - API hit successful!
2024-05-17 17:34:38.966 | WARNING  | crm.tasks:fetch_api_website:618 - API post does not exist
2024-05-17 17:34:38.970 | WARNING  | crm.tasks:fetch_api_website:618 - API post does not exist
2024-05-17 17:34:38.974 | WARNING  | crm.tasks:fetch_api_website:618 - API post does not exist
2024-05-17 17:34:38.977 | WARNING  | crm.tasks:fetch_api_website:618 - API post does not exist
2024-05-17 17:34:38.981 | WARNING  | crm.tasks:fetch_api_website:618 - API post does not exist
2024-05-17 17:34:38.984 | WARNING  | crm.tasks:fetch_api_website:618 - API post does not exist
2024-05-17 17:34:38.988 | WARNING  | crm.tasks:fetch_api_website:618 - API post does not exist
2024-05-17 17:34:38.991 | WARNING  | crm.tasks:fetch_api_website:618 - API post does not exist
2024-05-17 17:34:38.995 | WARNING  | crm.tasks:fetch_api_website:618 - API post does not exist
2024-05-17 17:34:38.999 | WARNING  | crm.tasks:fetch_api_website:618 - API post does not exist
2024-05-17 17:34:39.003 | WARNING  | crm.tasks:fetch_api_website:618 - API post does not exist
2024-05-17 17:34:39.007 | WARNING  | crm.tasks:fetch_api_website:618 - API post does not exist
2024-05-17 17:34:39.010 | WARNING  | crm.tasks:fetch_api_website:618 - API post does not exist
2024-05-17 17:34:39.014 | WARNING  | crm.tasks:fetch_api_website:618 - API post does not exist
2024-05-17 17:34:39.017 | WARNING  | crm.tasks:fetch_api_website:618 - API post does not exist
2024-05-17 17:34:46.299 | WARNING  | crm.tasks:generate_short_content_task:363 - Generate Short Content Task Ended
2024-05-17 17:35:30.913 | WARNING  | crm.tasks:fetch_article_data_task:274 - For loop in Gnews
2024-05-17 17:35:30.915 | WARNING  | crm.tasks:fetch_article_data_task:278 - Article Download Starts
2024-05-17 17:35:32.270 | WARNING  | crm.tasks:fetch_article_data_task:280 - Article Download Successful
2024-05-17 17:35:32.700 | WARNING  | crm.tasks:fetch_article_data_task:283 - Article parse Successful
2024-05-17 17:35:32.703 | WARNING  | crm.tasks:fetch_article_data_task:274 - For loop in Gnews
2024-05-17 17:35:32.707 | WARNING  | crm.tasks:fetch_article_data_task:278 - Article Download Starts
2024-05-17 17:35:36.135 | WARNING  | crm.tasks:generate_short_content_task:348 - Generate Short Content Task Started
2024-05-17 17:35:36.147 | WARNING  | crm.tasks:generate_short_content_task:363 - Generate Short Content Task Ended
2024-05-17 17:35:36.959 | WARNING  | crm.tasks:generate_realated_trend_task:373 - Generate Related Trends Task Started
2024-05-17 17:35:36.976 | WARNING  | crm.tasks:generate_content_info_task:422 - Generate Content Info Task Started
2024-05-17 17:35:36.995 | WARNING  | crm.tasks:generate_content_task:474 - Generate Content Task Started
2024-05-17 17:35:37.000 | WARNING  | crm.tasks:generate_content_info_task:468 - Generate Content Info Task Exception Expecting value: line 1 column 1 (char 0)
2024-05-17 17:35:37.038 | WARNING  | crm.tasks:generate_image_prompt_task:517 - Generate Image Prompt Task Started
2024-05-17 17:35:37.040 | WARNING  | crm.tasks:generate_meta_info_task:570 - Generate Meta Task Started
2024-05-17 17:35:37.090 | WARNING  | crm.tasks:generate_meta_info_task:588 - Generate Meta Task Ended
2024-05-17 17:35:37.106 | WARNING  | crm.tasks:fetch_api_website:599 - API hit Website Started
2024-05-17 17:35:37.127 | WARNING  | crm.tasks:fetch_article_data_task:280 - Article Download Successful
2024-05-17 17:35:38.056 | WARNING  | crm.tasks:fetch_article_data_task:283 - Article parse Successful
2024-05-17 17:35:38.063 | WARNING  | crm.tasks:fetch_article_data_task:274 - For loop in Gnews
2024-05-17 17:35:38.068 | WARNING  | crm.tasks:fetch_article_data_task:278 - Article Download Starts
2024-05-17 17:35:39.028 | WARNING  | crm.tasks:fetch_api_website:608 - API hit successful!
2024-05-17 17:35:39.038 | WARNING  | crm.tasks:fetch_api_website:618 - API post does not exist
2024-05-17 17:35:39.048 | WARNING  | crm.tasks:fetch_api_website:618 - API post does not exist
2024-05-17 17:35:39.053 | WARNING  | crm.tasks:fetch_api_website:618 - API post does not exist
2024-05-17 17:35:39.057 | WARNING  | crm.tasks:fetch_api_website:618 - API post does not exist
2024-05-17 17:35:39.061 | WARNING  | crm.tasks:fetch_api_website:618 - API post does not exist
2024-05-17 17:35:39.066 | WARNING  | crm.tasks:fetch_api_website:618 - API post does not exist
2024-05-17 17:35:39.087 | WARNING  | crm.tasks:fetch_api_website:618 - API post does not exist
2024-05-17 17:35:39.091 | WARNING  | crm.tasks:fetch_api_website:618 - API post does not exist
2024-05-17 17:35:39.095 | WARNING  | crm.tasks:fetch_api_website:618 - API post does not exist
2024-05-17 17:35:39.100 | WARNING  | crm.tasks:fetch_api_website:618 - API post does not exist
2024-05-17 17:35:39.105 | WARNING  | crm.tasks:fetch_api_website:618 - API post does not exist
2024-05-17 17:35:39.109 | WARNING  | crm.tasks:fetch_api_website:618 - API post does not exist
2024-05-17 17:35:39.115 | WARNING  | crm.tasks:fetch_api_website:618 - API post does not exist
2024-05-17 17:35:39.120 | WARNING  | crm.tasks:fetch_api_website:618 - API post does not exist
2024-05-17 17:35:39.124 | WARNING  | crm.tasks:fetch_api_website:618 - API post does not exist
2024-05-17 17:35:42.534 | WARNING  | crm.tasks:fetch_article_data_task:280 - Article Download Successful
2024-05-17 17:35:43.683 | WARNING  | crm.tasks:generate_realated_trend_task:411 - Generate Related Trends Task Ended
2024-05-17 17:35:45.449 | WARNING  | crm.tasks:fetch_article_data_task:283 - Article parse Successful
2024-05-17 17:35:45.450 | WARNING  | crm.tasks:fetch_article_data_task:289 - For loop status break 14202
2024-05-17 17:35:45.455 | WARNING  | crm.tasks:fetch_article_data_task:321 - Scrape Table items not empty
2024-05-17 17:35:45.474 | WARNING  | crm.tasks:fetch_article_data_task:332 - Scrape Table Saved
2024-05-17 17:35:45.488 | WARNING  | crm.tasks:fetch_article_data_task:335 - Trending table Status updated
2024-05-17 17:35:45.490 | WARNING  | crm.tasks:fetch_article_data_task:336 - Fetch Article Data Task Completed
2024-05-17 17:36:36.142 | WARNING  | crm.tasks:generate_short_content_task:348 - Generate Short Content Task Started
2024-05-17 17:36:36.545 | WARNING  | crm.tasks:fetch_article_data_task:254 - Fetch Article Data Task Started
2024-05-17 17:36:36.556 | WARNING  | crm.tasks:fetch_article_data_task:258 - Get first item of Trending with status Saved,trending_object
2024-05-17 17:36:36.971 | WARNING  | crm.tasks:generate_realated_trend_task:373 - Generate Related Trends Task Started
2024-05-17 17:36:36.986 | WARNING  | crm.tasks:generate_realated_trend_task:411 - Generate Related Trends Task Ended
2024-05-17 17:36:36.990 | WARNING  | crm.tasks:generate_content_info_task:422 - Generate Content Info Task Started
2024-05-17 17:36:37.008 | WARNING  | crm.tasks:generate_content_task:474 - Generate Content Task Started
2024-05-17 17:36:37.013 | WARNING  | crm.tasks:generate_content_info_task:468 - Generate Content Info Task Exception Expecting value: line 1 column 1 (char 0)
2024-05-17 17:36:37.031 | WARNING  | crm.tasks:generate_meta_info_task:570 - Generate Meta Task Started
2024-05-17 17:36:37.045 | WARNING  | crm.tasks:generate_image_prompt_task:517 - Generate Image Prompt Task Started
2024-05-17 17:36:37.047 | WARNING  | crm.tasks:generate_meta_info_task:588 - Generate Meta Task Ended
2024-05-17 17:36:37.094 | WARNING  | crm.tasks:fetch_api_website:599 - API hit Website Started
2024-05-17 17:36:38.927 | WARNING  | crm.tasks:fetch_api_website:608 - API hit successful!
2024-05-17 17:36:38.934 | WARNING  | crm.tasks:fetch_api_website:618 - API post does not exist
2024-05-17 17:36:38.938 | WARNING  | crm.tasks:fetch_api_website:618 - API post does not exist
2024-05-17 17:36:38.941 | WARNING  | crm.tasks:fetch_api_website:618 - API post does not exist
2024-05-17 17:36:38.944 | WARNING  | crm.tasks:fetch_api_website:618 - API post does not exist
2024-05-17 17:36:38.948 | WARNING  | crm.tasks:fetch_api_website:618 - API post does not exist
2024-05-17 17:36:38.952 | WARNING  | crm.tasks:fetch_api_website:618 - API post does not exist
2024-05-17 17:36:38.956 | WARNING  | crm.tasks:fetch_api_website:618 - API post does not exist
2024-05-17 17:36:38.960 | WARNING  | crm.tasks:fetch_api_website:618 - API post does not exist
2024-05-17 17:36:38.965 | WARNING  | crm.tasks:fetch_api_website:618 - API post does not exist
2024-05-17 17:36:38.969 | WARNING  | crm.tasks:fetch_api_website:618 - API post does not exist
2024-05-17 17:36:38.973 | WARNING  | crm.tasks:fetch_api_website:618 - API post does not exist
2024-05-17 17:36:38.978 | WARNING  | crm.tasks:fetch_api_website:618 - API post does not exist
2024-05-17 17:36:38.982 | WARNING  | crm.tasks:fetch_api_website:618 - API post does not exist
2024-05-17 17:36:38.987 | WARNING  | crm.tasks:fetch_api_website:618 - API post does not exist
2024-05-17 17:36:38.991 | WARNING  | crm.tasks:fetch_api_website:618 - API post does not exist
2024-05-17 17:36:44.083 | WARNING  | crm.tasks:generate_short_content_task:363 - Generate Short Content Task Ended
2024-05-17 17:37:31.400 | WARNING  | crm.tasks:fetch_article_data_task:274 - For loop in Gnews
2024-05-17 17:37:31.404 | WARNING  | crm.tasks:fetch_article_data_task:278 - Article Download Starts
2024-05-17 17:37:33.611 | WARNING  | crm.tasks:fetch_article_data_task:280 - Article Download Successful
2024-05-17 17:37:34.028 | WARNING  | crm.tasks:fetch_article_data_task:283 - Article parse Successful
2024-05-17 17:37:34.032 | WARNING  | crm.tasks:fetch_article_data_task:274 - For loop in Gnews
2024-05-17 17:37:34.035 | WARNING  | crm.tasks:fetch_article_data_task:278 - Article Download Starts
2024-05-17 17:37:34.722 | WARNING  | crm.tasks:fetch_article_data_task:280 - Article Download Successful
2024-05-17 17:37:34.998 | WARNING  | crm.tasks:fetch_article_data_task:283 - Article parse Successful
2024-05-17 17:37:35.002 | WARNING  | crm.tasks:fetch_article_data_task:274 - For loop in Gnews
2024-05-17 17:37:35.005 | WARNING  | crm.tasks:fetch_article_data_task:278 - Article Download Starts
2024-05-17 17:37:36.150 | WARNING  | crm.tasks:generate_short_content_task:348 - Generate Short Content Task Started
2024-05-17 17:37:36.163 | WARNING  | crm.tasks:generate_short_content_task:363 - Generate Short Content Task Ended
2024-05-17 17:37:37.092 | WARNING  | crm.tasks:fetch_article_data_task:280 - Article Download Successful
2024-05-17 17:37:37.218 | WARNING  | crm.tasks:generate_realated_trend_task:373 - Generate Related Trends Task Started
2024-05-17 17:37:37.230 | WARNING  | crm.tasks:generate_content_info_task:422 - Generate Content Info Task Started
2024-05-17 17:37:37.252 | WARNING  | crm.tasks:generate_content_task:474 - Generate Content Task Started
2024-05-17 17:37:37.261 | WARNING  | crm.tasks:generate_content_info_task:468 - Generate Content Info Task Exception Expecting value: line 1 column 1 (char 0)
2024-05-17 17:37:37.285 | WARNING  | crm.tasks:generate_meta_info_task:570 - Generate Meta Task Started
2024-05-17 17:37:37.285 | WARNING  | crm.tasks:generate_image_prompt_task:517 - Generate Image Prompt Task Started
2024-05-17 17:37:37.307 | WARNING  | crm.tasks:generate_meta_info_task:588 - Generate Meta Task Ended
2024-05-17 17:37:37.331 | WARNING  | crm.tasks:fetch_api_website:599 - API hit Website Started
2024-05-17 17:37:37.792 | WARNING  | crm.tasks:fetch_article_data_task:283 - Article parse Successful
2024-05-17 17:37:37.813 | WARNING  | crm.tasks:fetch_article_data_task:274 - For loop in Gnews
2024-05-17 17:37:37.820 | WARNING  | crm.tasks:fetch_article_data_task:278 - Article Download Starts
2024-05-17 17:37:39.349 | WARNING  | crm.tasks:fetch_api_website:608 - API hit successful!
2024-05-17 17:37:39.355 | WARNING  | crm.tasks:fetch_api_website:618 - API post does not exist
2024-05-17 17:37:39.359 | WARNING  | crm.tasks:fetch_api_website:618 - API post does not exist
2024-05-17 17:37:39.364 | WARNING  | crm.tasks:fetch_api_website:618 - API post does not exist
2024-05-17 17:37:39.369 | WARNING  | crm.tasks:fetch_api_website:618 - API post does not exist
2024-05-17 17:37:39.372 | WARNING  | crm.tasks:fetch_api_website:618 - API post does not exist
2024-05-17 17:37:39.375 | WARNING  | crm.tasks:fetch_api_website:618 - API post does not exist
2024-05-17 17:37:39.379 | WARNING  | crm.tasks:fetch_api_website:618 - API post does not exist
2024-05-17 17:37:39.382 | WARNING  | crm.tasks:fetch_api_website:618 - API post does not exist
2024-05-17 17:37:39.386 | WARNING  | crm.tasks:fetch_api_website:618 - API post does not exist
2024-05-17 17:37:39.389 | WARNING  | crm.tasks:fetch_api_website:618 - API post does not exist
2024-05-17 17:37:39.392 | WARNING  | crm.tasks:fetch_api_website:618 - API post does not exist
2024-05-17 17:37:39.426 | WARNING  | crm.tasks:fetch_api_website:618 - API post does not exist
2024-05-17 17:37:39.430 | WARNING  | crm.tasks:fetch_api_website:618 - API post does not exist
2024-05-17 17:37:39.433 | WARNING  | crm.tasks:fetch_api_website:618 - API post does not exist
2024-05-17 17:37:39.437 | WARNING  | crm.tasks:fetch_api_website:618 - API post does not exist
2024-05-17 17:37:44.318 | WARNING  | crm.tasks:fetch_article_data_task:280 - Article Download Successful
2024-05-17 17:37:44.796 | WARNING  | crm.tasks:generate_realated_trend_task:411 - Generate Related Trends Task Ended
2024-05-17 17:37:44.803 | WARNING  | crm.tasks:fetch_article_data_task:283 - Article parse Successful
2024-05-17 17:37:44.807 | WARNING  | crm.tasks:fetch_article_data_task:274 - For loop in Gnews
2024-05-17 17:37:44.809 | WARNING  | crm.tasks:fetch_article_data_task:278 - Article Download Starts
2024-05-17 17:37:45.653 | WARNING  | crm.tasks:fetch_article_data_task:280 - Article Download Successful
2024-05-17 17:37:46.239 | WARNING  | crm.tasks:fetch_article_data_task:283 - Article parse Successful
2024-05-17 17:37:46.240 | WARNING  | crm.tasks:fetch_article_data_task:289 - For loop status break 12984
2024-05-17 17:37:46.244 | WARNING  | crm.tasks:fetch_article_data_task:321 - Scrape Table items not empty
2024-05-17 17:37:46.272 | WARNING  | crm.tasks:fetch_article_data_task:332 - Scrape Table Saved
2024-05-17 17:37:46.285 | WARNING  | crm.tasks:fetch_article_data_task:335 - Trending table Status updated
2024-05-17 17:37:46.286 | WARNING  | crm.tasks:fetch_article_data_task:336 - Fetch Article Data Task Completed
