2024-05-17 12:25:50.276 | WARNING  | crm.tasks:fetch_article_data_task:254 - Fetch Article Data Task Started
2024-05-17 12:25:50.299 | WARNING  | crm.tasks:fetch_article_data_task:258 - Get first item of Trending with status Saved,trending_object
2024-05-17 12:26:44.876 | WARNING  | crm.tasks:fetch_article_data_task:274 - For loop in Gnews
2024-05-17 12:26:44.880 | WARNING  | crm.tasks:fetch_article_data_task:278 - Article Download Starts
2024-05-17 12:26:45.878 | WARNING  | crm.tasks:fetch_article_data_task:280 - Article Download Successful
2024-05-17 12:26:45.882 | WARNING  | crm.tasks:fetch_article_data_task:304 - Article Parse exception Article `download()` failed with 403 Client Error: Max restarts limit reached for url: https://www.forbes.com/sites/bobeccles/2024/05/15/where-does-the-sustainability-finance-disclosure-regulation-go-from-here/ on URL https://news.google.com/rss/articles/CBMie2h0dHBzOi8vd3d3LmZvcmJlcy5jb20vc2l0ZXMvYm9iZWNjbGVzLzIwMjQvMDUvMTUvd2hlcmUtZG9lcy10aGUtc3VzdGFpbmFiaWxpdHktZmluYW5jZS1kaXNjbG9zdXJlLXJlZ3VsYXRpb24tZ28tZnJvbS1oZXJlL9IBAA?oc=5&hl=en-IN&gl=IN&ceid=IN:en
2024-05-17 12:26:45.884 | WARNING  | crm.tasks:fetch_article_data_task:274 - For loop in Gnews
2024-05-17 12:26:45.885 | WARNING  | crm.tasks:fetch_article_data_task:278 - Article Download Starts
2024-05-17 12:26:47.397 | WARNING  | crm.tasks:fetch_article_data_task:280 - Article Download Successful
2024-05-17 12:26:48.108 | WARNING  | crm.tasks:fetch_article_data_task:283 - Article parse Successful
2024-05-17 12:26:48.112 | WARNING  | crm.tasks:fetch_article_data_task:274 - For loop in Gnews
2024-05-17 12:26:48.115 | WARNING  | crm.tasks:fetch_article_data_task:278 - Article Download Starts
2024-05-17 12:26:49.044 | WARNING  | crm.tasks:fetch_article_data_task:280 - Article Download Successful
2024-05-17 12:26:49.049 | WARNING  | crm.tasks:fetch_article_data_task:304 - Article Parse exception Article `download()` failed with 401 Client Error: HTTP Forbidden for url: https://www.reuters.com/technology/ais-use-finance-may-need-new-rules-ecb-says-2024-05-15/ on URL https://news.google.com/rss/articles/CBMiWmh0dHBzOi8vd3d3LnJldXRlcnMuY29tL3RlY2hub2xvZ3kvYWlzLXVzZS1maW5hbmNlLW1heS1uZWVkLW5ldy1ydWxlcy1lY2Itc2F5cy0yMDI0LTA1LTE1L9IBAA?oc=5&hl=en-IN&gl=IN&ceid=IN:en
2024-05-17 12:26:49.050 | WARNING  | crm.tasks:fetch_article_data_task:274 - For loop in Gnews
2024-05-17 12:26:49.052 | WARNING  | crm.tasks:fetch_article_data_task:278 - Article Download Starts
2024-05-17 12:26:49.690 | WARNING  | crm.tasks:fetch_article_data_task:280 - Article Download Successful
2024-05-17 12:26:49.695 | WARNING  | crm.tasks:fetch_article_data_task:304 - Article Parse exception Article `download()` failed with 401 Client Error: HTTP Forbidden for url: https://www.reuters.com/legal/us-supreme-court-backs-consumer-finance-watchdog-agencys-funding-mechanism-2024-05-16/ on URL https://news.google.com/rss/articles/CBMidGh0dHBzOi8vd3d3LnJldXRlcnMuY29tL2xlZ2FsL3VzLXN1cHJlbWUtY291cnQtYmFja3MtY29uc3VtZXItZmluYW5jZS13YXRjaGRvZy1hZ2VuY3lzLWZ1bmRpbmctbWVjaGFuaXNtLTIwMjQtMDUtMTYv0gEA?oc=5&hl=en-IN&gl=IN&ceid=IN:en
2024-05-17 12:26:49.697 | WARNING  | crm.tasks:fetch_article_data_task:274 - For loop in Gnews
2024-05-17 12:26:49.699 | WARNING  | crm.tasks:fetch_article_data_task:278 - Article Download Starts
2024-05-17 12:26:50.343 | WARNING  | crm.tasks:fetch_article_data_task:280 - Article Download Successful
2024-05-17 12:26:50.755 | WARNING  | crm.tasks:fetch_article_data_task:283 - Article parse Successful
2024-05-17 12:26:50.760 | WARNING  | crm.tasks:fetch_article_data_task:274 - For loop in Gnews
2024-05-17 12:26:50.763 | WARNING  | crm.tasks:fetch_article_data_task:278 - Article Download Starts
2024-05-17 12:26:52.564 | WARNING  | crm.tasks:fetch_article_data_task:280 - Article Download Successful
2024-05-17 12:26:52.988 | WARNING  | crm.tasks:fetch_article_data_task:283 - Article parse Successful
2024-05-17 12:26:52.992 | WARNING  | crm.tasks:fetch_article_data_task:274 - For loop in Gnews
2024-05-17 12:26:52.995 | WARNING  | crm.tasks:fetch_article_data_task:278 - Article Download Starts
2024-05-17 12:26:54.534 | WARNING  | crm.tasks:fetch_article_data_task:280 - Article Download Successful
2024-05-17 12:26:55.050 | WARNING  | crm.tasks:fetch_article_data_task:283 - Article parse Successful
2024-05-17 12:26:55.054 | WARNING  | crm.tasks:fetch_article_data_task:274 - For loop in Gnews
2024-05-17 12:26:55.058 | WARNING  | crm.tasks:fetch_article_data_task:278 - Article Download Starts
2024-05-17 12:26:57.837 | WARNING  | crm.tasks:fetch_article_data_task:280 - Article Download Successful
2024-05-17 12:26:58.304 | WARNING  | crm.tasks:fetch_article_data_task:283 - Article parse Successful
2024-05-17 12:26:58.309 | WARNING  | crm.tasks:fetch_article_data_task:274 - For loop in Gnews
2024-05-17 12:26:58.312 | WARNING  | crm.tasks:fetch_article_data_task:278 - Article Download Starts
2024-05-17 12:26:59.304 | WARNING  | crm.tasks:fetch_article_data_task:280 - Article Download Successful
2024-05-17 12:26:59.309 | WARNING  | crm.tasks:fetch_article_data_task:304 - Article Parse exception Article `download()` failed with 403 Client Error: Forbidden for url: https://adage.com/article/digital-marketing-ad-tech-news/looking-man-finance-creator-and-brands-tiktok-trend/2560386 on URL https://news.google.com/rss/articles/CBMidGh0dHBzOi8vYWRhZ2UuY29tL2FydGljbGUvZGlnaXRhbC1tYXJrZXRpbmctYWQtdGVjaC1uZXdzL2xvb2tpbmctbWFuLWZpbmFuY2UtY3JlYXRvci1hbmQtYnJhbmRzLXRpa3Rvay10cmVuZC8yNTYwMzg20gEA?oc=5&hl=en-IN&gl=IN&ceid=IN:en
2024-05-17 12:26:59.310 | WARNING  | crm.tasks:fetch_article_data_task:274 - For loop in Gnews
2024-05-17 12:26:59.312 | WARNING  | crm.tasks:fetch_article_data_task:278 - Article Download Starts
2024-05-17 12:27:02.852 | WARNING  | crm.tasks:fetch_article_data_task:280 - Article Download Successful
2024-05-17 12:27:03.694 | WARNING  | crm.tasks:fetch_article_data_task:283 - Article parse Successful
2024-05-17 12:27:03.699 | WARNING  | crm.tasks:fetch_article_data_task:274 - For loop in Gnews
2024-05-17 12:27:03.703 | WARNING  | crm.tasks:fetch_article_data_task:278 - Article Download Starts
2024-05-17 12:27:05.500 | WARNING  | crm.tasks:fetch_article_data_task:280 - Article Download Successful
2024-05-17 12:27:05.807 | WARNING  | crm.tasks:fetch_article_data_task:283 - Article parse Successful
2024-05-17 12:27:05.810 | WARNING  | crm.tasks:fetch_article_data_task:274 - For loop in Gnews
2024-05-17 12:27:05.813 | WARNING  | crm.tasks:fetch_article_data_task:278 - Article Download Starts
2024-05-17 12:27:06.556 | WARNING  | crm.tasks:fetch_article_data_task:280 - Article Download Successful
2024-05-17 12:27:07.121 | WARNING  | crm.tasks:fetch_article_data_task:283 - Article parse Successful
2024-05-17 12:27:07.125 | WARNING  | crm.tasks:fetch_article_data_task:274 - For loop in Gnews
2024-05-17 12:27:07.129 | WARNING  | crm.tasks:fetch_article_data_task:278 - Article Download Starts
2024-05-17 12:27:08.792 | WARNING  | crm.tasks:fetch_article_data_task:280 - Article Download Successful
2024-05-17 12:27:09.058 | WARNING  | crm.tasks:fetch_article_data_task:283 - Article parse Successful
2024-05-17 12:27:09.063 | WARNING  | crm.tasks:fetch_article_data_task:274 - For loop in Gnews
2024-05-17 12:27:09.067 | WARNING  | crm.tasks:fetch_article_data_task:278 - Article Download Starts
2024-05-17 12:27:11.158 | WARNING  | crm.tasks:fetch_article_data_task:280 - Article Download Successful
2024-05-17 12:27:11.400 | WARNING  | crm.tasks:fetch_article_data_task:283 - Article parse Successful
2024-05-17 12:27:11.403 | WARNING  | crm.tasks:fetch_article_data_task:300 - For loop status break 10
2024-05-17 12:27:11.409 | WARNING  | crm.tasks:fetch_article_data_task:318 - Scrape Table items not empty
2024-05-17 12:27:11.443 | WARNING  | crm.tasks:fetch_article_data_task:329 - Scrape Table Saved
2024-05-17 12:27:11.457 | WARNING  | crm.tasks:fetch_article_data_task:332 - Trending table Status updated
2024-05-17 12:27:11.458 | WARNING  | crm.tasks:fetch_article_data_task:333 - Fetch Article Data Task Completed
2024-05-17 12:31:50.188 | WARNING  | crm.tasks:fetch_article_data_task:254 - Fetch Article Data Task Started
2024-05-17 12:31:50.202 | WARNING  | crm.tasks:fetch_article_data_task:258 - Get first item of Trending with status Saved,trending_object
2024-05-17 12:32:42.369 | WARNING  | crm.tasks:fetch_article_data_task:274 - For loop in Gnews
2024-05-17 12:32:42.371 | WARNING  | crm.tasks:fetch_article_data_task:278 - Article Download Starts
2024-05-17 12:32:43.158 | WARNING  | crm.tasks:fetch_article_data_task:280 - Article Download Successful
2024-05-17 12:32:43.161 | WARNING  | crm.tasks:fetch_article_data_task:304 - Article Parse exception Article `download()` failed with 403 Client Error: Forbidden for url: https://www.golfwrx.com/739354/brandel-chamblee-says-this-technological-development-was-key-to-phil-mickelson-winning-major-championships/ on URL https://news.google.com/rss/articles/CBMiigFodHRwczovL3d3dy5nb2xmd3J4LmNvbS83MzkzNTQvYnJhbmRlbC1jaGFtYmxlZS1zYXlzLXRoaXMtdGVjaG5vbG9naWNhbC1kZXZlbG9wbWVudC13YXMta2V5LXRvLXBoaWwtbWlja2Vsc29uLXdpbm5pbmctbWFqb3ItY2hhbXBpb25zaGlwcy_SAQA?oc=5&hl=en-IN&gl=IN&ceid=IN:en
2024-05-17 12:32:43.162 | WARNING  | crm.tasks:fetch_article_data_task:274 - For loop in Gnews
2024-05-17 12:32:43.164 | WARNING  | crm.tasks:fetch_article_data_task:278 - Article Download Starts
2024-05-17 12:32:45.923 | WARNING  | crm.tasks:fetch_article_data_task:280 - Article Download Successful
2024-05-17 12:32:47.142 | WARNING  | crm.tasks:fetch_article_data_task:283 - Article parse Successful
2024-05-17 12:32:47.146 | WARNING  | crm.tasks:fetch_article_data_task:274 - For loop in Gnews
2024-05-17 12:32:47.153 | WARNING  | crm.tasks:fetch_article_data_task:278 - Article Download Starts
2024-05-17 12:32:49.017 | WARNING  | crm.tasks:fetch_article_data_task:280 - Article Download Successful
2024-05-17 12:32:49.593 | WARNING  | crm.tasks:fetch_article_data_task:283 - Article parse Successful
2024-05-17 12:32:49.597 | WARNING  | crm.tasks:fetch_article_data_task:274 - For loop in Gnews
2024-05-17 12:32:49.600 | WARNING  | crm.tasks:fetch_article_data_task:278 - Article Download Starts
2024-05-17 12:32:51.064 | WARNING  | crm.tasks:fetch_article_data_task:280 - Article Download Successful
2024-05-17 12:32:51.509 | WARNING  | crm.tasks:fetch_article_data_task:283 - Article parse Successful
2024-05-17 12:32:51.513 | WARNING  | crm.tasks:fetch_article_data_task:274 - For loop in Gnews
2024-05-17 12:32:51.516 | WARNING  | crm.tasks:fetch_article_data_task:278 - Article Download Starts
2024-05-17 12:32:52.709 | WARNING  | crm.tasks:fetch_article_data_task:280 - Article Download Successful
2024-05-17 12:32:52.953 | WARNING  | crm.tasks:fetch_article_data_task:283 - Article parse Successful
2024-05-17 12:32:52.957 | WARNING  | crm.tasks:fetch_article_data_task:274 - For loop in Gnews
2024-05-17 12:32:52.959 | WARNING  | crm.tasks:fetch_article_data_task:278 - Article Download Starts
2024-05-17 12:32:53.568 | WARNING  | crm.tasks:fetch_article_data_task:280 - Article Download Successful
2024-05-17 12:32:54.137 | WARNING  | crm.tasks:fetch_article_data_task:283 - Article parse Successful
2024-05-17 12:32:54.141 | WARNING  | crm.tasks:fetch_article_data_task:274 - For loop in Gnews
2024-05-17 12:32:54.144 | WARNING  | crm.tasks:fetch_article_data_task:278 - Article Download Starts
2024-05-17 12:32:56.179 | WARNING  | crm.tasks:fetch_article_data_task:280 - Article Download Successful
2024-05-17 12:32:56.759 | WARNING  | crm.tasks:fetch_article_data_task:283 - Article parse Successful
2024-05-17 12:32:56.763 | WARNING  | crm.tasks:fetch_article_data_task:274 - For loop in Gnews
2024-05-17 12:32:56.767 | WARNING  | crm.tasks:fetch_article_data_task:278 - Article Download Starts
2024-05-17 12:32:59.214 | WARNING  | crm.tasks:fetch_article_data_task:280 - Article Download Successful
2024-05-17 12:32:59.536 | WARNING  | crm.tasks:fetch_article_data_task:283 - Article parse Successful
2024-05-17 12:32:59.540 | WARNING  | crm.tasks:fetch_article_data_task:274 - For loop in Gnews
2024-05-17 12:32:59.543 | WARNING  | crm.tasks:fetch_article_data_task:278 - Article Download Starts
2024-05-17 12:33:03.734 | WARNING  | crm.tasks:fetch_article_data_task:280 - Article Download Successful
2024-05-17 12:33:04.556 | WARNING  | crm.tasks:fetch_article_data_task:283 - Article parse Successful
2024-05-17 12:33:04.560 | WARNING  | crm.tasks:fetch_article_data_task:274 - For loop in Gnews
2024-05-17 12:33:04.563 | WARNING  | crm.tasks:fetch_article_data_task:278 - Article Download Starts
2024-05-17 12:33:05.456 | WARNING  | crm.tasks:fetch_article_data_task:280 - Article Download Successful
2024-05-17 12:33:06.065 | WARNING  | crm.tasks:fetch_article_data_task:283 - Article parse Successful
2024-05-17 12:33:06.069 | WARNING  | crm.tasks:fetch_article_data_task:274 - For loop in Gnews
2024-05-17 12:33:06.072 | WARNING  | crm.tasks:fetch_article_data_task:278 - Article Download Starts
2024-05-17 12:33:07.419 | WARNING  | crm.tasks:fetch_article_data_task:280 - Article Download Successful
2024-05-17 12:33:07.939 | WARNING  | crm.tasks:fetch_article_data_task:283 - Article parse Successful
2024-05-17 12:33:07.943 | WARNING  | crm.tasks:fetch_article_data_task:300 - For loop status break 10
2024-05-17 12:33:07.948 | WARNING  | crm.tasks:fetch_article_data_task:318 - Scrape Table items not empty
2024-05-17 12:33:07.979 | WARNING  | crm.tasks:fetch_article_data_task:329 - Scrape Table Saved
2024-05-17 12:33:07.992 | WARNING  | crm.tasks:fetch_article_data_task:332 - Trending table Status updated
2024-05-17 12:33:07.994 | WARNING  | crm.tasks:fetch_article_data_task:333 - Fetch Article Data Task Completed
2024-05-17 12:37:50.181 | WARNING  | crm.tasks:fetch_article_data_task:254 - Fetch Article Data Task Started
2024-05-17 12:37:50.191 | WARNING  | crm.tasks:fetch_article_data_task:258 - Get first item of Trending with status Saved,trending_object
2024-05-17 12:38:43.082 | WARNING  | crm.tasks:fetch_article_data_task:274 - For loop in Gnews
2024-05-17 12:38:43.092 | WARNING  | crm.tasks:fetch_article_data_task:278 - Article Download Starts
2024-05-17 12:38:44.144 | WARNING  | crm.tasks:fetch_article_data_task:280 - Article Download Successful
2024-05-17 12:38:44.523 | WARNING  | crm.tasks:fetch_article_data_task:283 - Article parse Successful
2024-05-17 12:38:44.533 | WARNING  | crm.tasks:fetch_article_data_task:274 - For loop in Gnews
2024-05-17 12:38:44.538 | WARNING  | crm.tasks:fetch_article_data_task:278 - Article Download Starts
2024-05-17 12:38:45.717 | WARNING  | crm.tasks:fetch_article_data_task:280 - Article Download Successful
2024-05-17 12:38:46.760 | WARNING  | crm.tasks:fetch_article_data_task:283 - Article parse Successful
2024-05-17 12:38:46.766 | WARNING  | crm.tasks:fetch_article_data_task:274 - For loop in Gnews
2024-05-17 12:38:46.779 | WARNING  | crm.tasks:fetch_article_data_task:278 - Article Download Starts
2024-05-17 12:38:48.218 | WARNING  | crm.tasks:fetch_article_data_task:280 - Article Download Successful
2024-05-17 12:38:49.091 | WARNING  | crm.tasks:fetch_article_data_task:283 - Article parse Successful
2024-05-17 12:38:49.098 | WARNING  | crm.tasks:fetch_article_data_task:274 - For loop in Gnews
2024-05-17 12:38:49.111 | WARNING  | crm.tasks:fetch_article_data_task:278 - Article Download Starts
2024-05-17 12:38:50.182 | WARNING  | crm.tasks:fetch_article_data_task:280 - Article Download Successful
2024-05-17 12:38:50.235 | WARNING  | crm.tasks:fetch_article_data_task:283 - Article parse Successful
2024-05-17 12:38:50.244 | WARNING  | crm.tasks:fetch_article_data_task:274 - For loop in Gnews
2024-05-17 12:38:50.246 | WARNING  | crm.tasks:fetch_article_data_task:278 - Article Download Starts
2024-05-17 12:38:54.439 | WARNING  | crm.tasks:fetch_article_data_task:280 - Article Download Successful
2024-05-17 12:38:54.937 | WARNING  | crm.tasks:fetch_article_data_task:283 - Article parse Successful
2024-05-17 12:38:54.942 | WARNING  | crm.tasks:fetch_article_data_task:274 - For loop in Gnews
2024-05-17 12:38:54.945 | WARNING  | crm.tasks:fetch_article_data_task:278 - Article Download Starts
2024-05-17 12:39:00.739 | WARNING  | crm.tasks:fetch_article_data_task:280 - Article Download Successful
2024-05-17 12:39:01.127 | WARNING  | crm.tasks:fetch_article_data_task:283 - Article parse Successful
2024-05-17 12:39:01.131 | WARNING  | crm.tasks:fetch_article_data_task:274 - For loop in Gnews
2024-05-17 12:39:01.134 | WARNING  | crm.tasks:fetch_article_data_task:278 - Article Download Starts
2024-05-17 12:39:03.562 | WARNING  | crm.tasks:fetch_article_data_task:280 - Article Download Successful
2024-05-17 12:39:04.253 | WARNING  | crm.tasks:fetch_article_data_task:283 - Article parse Successful
2024-05-17 12:39:04.261 | WARNING  | crm.tasks:fetch_article_data_task:274 - For loop in Gnews
2024-05-17 12:39:04.265 | WARNING  | crm.tasks:fetch_article_data_task:278 - Article Download Starts
2024-05-17 12:39:05.564 | WARNING  | crm.tasks:fetch_article_data_task:280 - Article Download Successful
2024-05-17 12:39:05.567 | WARNING  | crm.tasks:fetch_article_data_task:304 - Article Parse exception Article `download()` failed with 403 Client Error: Forbidden for url: https://www.ourmidland.com/news/article/midland-s-2020-flood-led-city-demolish-houses-19461409.php on URL https://news.google.com/rss/articles/CBMiYmh0dHBzOi8vd3d3Lm91cm1pZGxhbmQuY29tL25ld3MvYXJ0aWNsZS9taWRsYW5kLXMtMjAyMC1mbG9vZC1sZWQtY2l0eS1kZW1vbGlzaC1ob3VzZXMtMTk0NjE0MDkucGhw0gEA?oc=5&hl=en-IN&gl=IN&ceid=IN:en
2024-05-17 12:39:05.569 | WARNING  | crm.tasks:fetch_article_data_task:274 - For loop in Gnews
2024-05-17 12:39:05.572 | WARNING  | crm.tasks:fetch_article_data_task:278 - Article Download Starts
2024-05-17 12:39:06.226 | WARNING  | crm.tasks:fetch_article_data_task:280 - Article Download Successful
2024-05-17 12:39:06.229 | WARNING  | crm.tasks:fetch_article_data_task:304 - Article Parse exception Article `download()` failed with 429 Client Error: Unknown Error for url: https://www.wwlp.com/news/local-news/hampshire-county/150-years-since-mill-river-flood-in-hampshire-county/ on URL https://news.google.com/rss/articles/CBMia2h0dHBzOi8vd3d3Lnd3bHAuY29tL25ld3MvbG9jYWwtbmV3cy9oYW1wc2hpcmUtY291bnR5LzE1MC15ZWFycy1zaW5jZS1taWxsLXJpdmVyLWZsb29kLWluLWhhbXBzaGlyZS1jb3VudHkv0gFvaHR0cHM6Ly93d3cud3dscC5jb20vbmV3cy9sb2NhbC1uZXdzL2hhbXBzaGlyZS1jb3VudHkvMTUwLXllYXJzLXNpbmNlLW1pbGwtcml2ZXItZmxvb2QtaW4taGFtcHNoaXJlLWNvdW50eS9hbXAv?oc=5&hl=en-IN&gl=IN&ceid=IN:en
2024-05-17 12:39:06.230 | WARNING  | crm.tasks:fetch_article_data_task:274 - For loop in Gnews
2024-05-17 12:39:06.232 | WARNING  | crm.tasks:fetch_article_data_task:278 - Article Download Starts
2024-05-17 12:39:13.899 | WARNING  | crm.tasks:fetch_article_data_task:280 - Article Download Successful
2024-05-17 12:39:14.247 | WARNING  | crm.tasks:fetch_article_data_task:283 - Article parse Successful
2024-05-17 12:39:14.252 | WARNING  | crm.tasks:fetch_article_data_task:274 - For loop in Gnews
2024-05-17 12:39:14.255 | WARNING  | crm.tasks:fetch_article_data_task:278 - Article Download Starts
2024-05-17 12:39:15.334 | WARNING  | crm.tasks:fetch_article_data_task:280 - Article Download Successful
2024-05-17 12:39:15.686 | WARNING  | crm.tasks:fetch_article_data_task:283 - Article parse Successful
2024-05-17 12:39:15.691 | WARNING  | crm.tasks:fetch_article_data_task:274 - For loop in Gnews
2024-05-17 12:39:15.694 | WARNING  | crm.tasks:fetch_article_data_task:278 - Article Download Starts
2024-05-17 12:39:26.096 | WARNING  | crm.tasks:fetch_article_data_task:280 - Article Download Successful
2024-05-17 12:39:26.257 | WARNING  | crm.tasks:fetch_article_data_task:283 - Article parse Successful
2024-05-17 12:39:26.261 | WARNING  | crm.tasks:fetch_article_data_task:300 - For loop status break 10
2024-05-17 12:39:26.267 | WARNING  | crm.tasks:fetch_article_data_task:318 - Scrape Table items not empty
2024-05-17 12:39:26.299 | WARNING  | crm.tasks:fetch_article_data_task:329 - Scrape Table Saved
2024-05-17 12:39:26.313 | WARNING  | crm.tasks:fetch_article_data_task:332 - Trending table Status updated
2024-05-17 12:39:26.315 | WARNING  | crm.tasks:fetch_article_data_task:333 - Fetch Article Data Task Completed
2024-05-17 12:43:50.190 | WARNING  | crm.tasks:fetch_article_data_task:254 - Fetch Article Data Task Started
2024-05-17 12:43:50.200 | WARNING  | crm.tasks:fetch_article_data_task:258 - Get first item of Trending with status Saved,trending_object
2024-05-17 12:44:43.969 | WARNING  | crm.tasks:fetch_article_data_task:274 - For loop in Gnews
2024-05-17 12:44:43.974 | WARNING  | crm.tasks:fetch_article_data_task:278 - Article Download Starts
2024-05-17 12:44:44.595 | WARNING  | crm.tasks:fetch_article_data_task:280 - Article Download Successful
2024-05-17 12:44:44.642 | WARNING  | crm.tasks:fetch_article_data_task:283 - Article parse Successful
2024-05-17 12:44:44.646 | WARNING  | crm.tasks:fetch_article_data_task:274 - For loop in Gnews
2024-05-17 12:44:44.648 | WARNING  | crm.tasks:fetch_article_data_task:278 - Article Download Starts
2024-05-17 12:44:46.462 | WARNING  | crm.tasks:fetch_article_data_task:280 - Article Download Successful
2024-05-17 12:44:46.980 | WARNING  | crm.tasks:fetch_article_data_task:283 - Article parse Successful
2024-05-17 12:44:46.984 | WARNING  | crm.tasks:fetch_article_data_task:274 - For loop in Gnews
2024-05-17 12:44:46.987 | WARNING  | crm.tasks:fetch_article_data_task:278 - Article Download Starts
2024-05-17 12:44:47.619 | WARNING  | crm.tasks:fetch_article_data_task:280 - Article Download Successful
2024-05-17 12:44:47.670 | WARNING  | crm.tasks:fetch_article_data_task:283 - Article parse Successful
2024-05-17 12:44:47.675 | WARNING  | crm.tasks:fetch_article_data_task:274 - For loop in Gnews
2024-05-17 12:44:47.677 | WARNING  | crm.tasks:fetch_article_data_task:278 - Article Download Starts
2024-05-17 12:44:49.182 | WARNING  | crm.tasks:fetch_article_data_task:280 - Article Download Successful
2024-05-17 12:44:50.438 | WARNING  | crm.tasks:fetch_article_data_task:283 - Article parse Successful
2024-05-17 12:44:50.442 | WARNING  | crm.tasks:fetch_article_data_task:274 - For loop in Gnews
2024-05-17 12:44:50.454 | WARNING  | crm.tasks:fetch_article_data_task:278 - Article Download Starts
2024-05-17 12:44:52.824 | WARNING  | crm.tasks:fetch_article_data_task:280 - Article Download Successful
2024-05-17 12:44:53.304 | WARNING  | crm.tasks:fetch_article_data_task:283 - Article parse Successful
2024-05-17 12:44:53.307 | WARNING  | crm.tasks:fetch_article_data_task:274 - For loop in Gnews
2024-05-17 12:44:53.310 | WARNING  | crm.tasks:fetch_article_data_task:278 - Article Download Starts
2024-05-17 12:44:56.367 | WARNING  | crm.tasks:fetch_article_data_task:280 - Article Download Successful
2024-05-17 12:44:56.676 | WARNING  | crm.tasks:fetch_article_data_task:283 - Article parse Successful
2024-05-17 12:44:56.680 | WARNING  | crm.tasks:fetch_article_data_task:274 - For loop in Gnews
2024-05-17 12:44:56.683 | WARNING  | crm.tasks:fetch_article_data_task:278 - Article Download Starts
2024-05-17 12:44:58.194 | WARNING  | crm.tasks:fetch_article_data_task:280 - Article Download Successful
2024-05-17 12:45:00.579 | WARNING  | crm.tasks:fetch_article_data_task:283 - Article parse Successful
2024-05-17 12:45:00.583 | WARNING  | crm.tasks:fetch_article_data_task:274 - For loop in Gnews
2024-05-17 12:45:00.589 | WARNING  | crm.tasks:fetch_article_data_task:278 - Article Download Starts
2024-05-17 12:45:01.217 | WARNING  | crm.tasks:fetch_article_data_task:280 - Article Download Successful
2024-05-17 12:45:01.221 | WARNING  | crm.tasks:fetch_article_data_task:304 - Article Parse exception Article `download()` failed with 401 Client Error: HTTP Forbidden for url: https://www.reuters.com/world/asia-pacific/taliban-ministry-death-toll-floods-northern-afghanistan-rises-315-2024-05-12/ on URL https://news.google.com/rss/articles/CBMieGh0dHBzOi8vd3d3LnJldXRlcnMuY29tL3dvcmxkL2FzaWEtcGFjaWZpYy90YWxpYmFuLW1pbmlzdHJ5LWRlYXRoLXRvbGwtZmxvb2RzLW5vcnRoZXJuLWFmZ2hhbmlzdGFuLXJpc2VzLTMxNS0yMDI0LTA1LTEyL9IBAA?oc=5&hl=en-IN&gl=IN&ceid=IN:en
2024-05-17 12:45:01.223 | WARNING  | crm.tasks:fetch_article_data_task:274 - For loop in Gnews
2024-05-17 12:45:01.225 | WARNING  | crm.tasks:fetch_article_data_task:278 - Article Download Starts
2024-05-17 12:45:02.562 | WARNING  | crm.tasks:fetch_article_data_task:280 - Article Download Successful
2024-05-17 12:45:02.897 | WARNING  | crm.tasks:fetch_article_data_task:283 - Article parse Successful
2024-05-17 12:45:02.901 | WARNING  | crm.tasks:fetch_article_data_task:274 - For loop in Gnews
2024-05-17 12:45:02.904 | WARNING  | crm.tasks:fetch_article_data_task:278 - Article Download Starts
2024-05-17 12:45:04.343 | WARNING  | crm.tasks:fetch_article_data_task:280 - Article Download Successful
2024-05-17 12:45:05.449 | WARNING  | crm.tasks:fetch_article_data_task:283 - Article parse Successful
2024-05-17 12:45:05.455 | WARNING  | crm.tasks:fetch_article_data_task:274 - For loop in Gnews
2024-05-17 12:45:05.461 | WARNING  | crm.tasks:fetch_article_data_task:278 - Article Download Starts
2024-05-17 12:45:10.211 | WARNING  | crm.tasks:fetch_article_data_task:280 - Article Download Successful
2024-05-17 12:45:10.712 | WARNING  | crm.tasks:fetch_article_data_task:283 - Article parse Successful
2024-05-17 12:45:10.716 | WARNING  | crm.tasks:fetch_article_data_task:300 - For loop status break 10
2024-05-17 12:45:10.721 | WARNING  | crm.tasks:fetch_article_data_task:318 - Scrape Table items not empty
2024-05-17 12:45:10.755 | WARNING  | crm.tasks:fetch_article_data_task:329 - Scrape Table Saved
2024-05-17 12:45:10.772 | WARNING  | crm.tasks:fetch_article_data_task:332 - Trending table Status updated
2024-05-17 12:45:10.773 | WARNING  | crm.tasks:fetch_article_data_task:333 - Fetch Article Data Task Completed
