2024-05-17 11:38:28.610 | WARNING  | crm.tasks:generate_short_content_task:340 - Generate Short Content Task Started
2024-05-17 11:38:28.627 | WARNING  | crm.tasks:generate_realated_trend_task:363 - Generate Related Trends Task Started
2024-05-17 11:38:28.666 | WARNING  | crm.tasks:generate_content_info_task:412 - Generate Content Info Task Started
2024-05-17 11:38:28.682 | WARNING  | crm.tasks:generate_content_task:462 - Generate Content Task Started
2024-05-17 11:38:28.700 | WARNING  | crm.tasks:generate_realated_trend_task:401 - Generate Related Trends Task Ended
2024-05-17 11:38:28.763 | WARNING  | crm.tasks:generate_meta_info_task:558 - Generate Meta Task Started
2024-05-17 11:38:28.792 | WARNING  | crm.tasks:generate_image_prompt_task:505 - Generate Image Prompt Task Started
2024-05-17 11:38:28.787 | WARNING  | crm.tasks:generate_meta_info_task:576 - Generate Meta Task Ended
2024-05-17 11:38:28.804 | WARNING  | crm.tasks:generate_content_info_task:456 - Generate Content Info Task Exception Expecting value: line 1 column 1 (char 0)
2024-05-17 11:38:28.826 | WARNING  | crm.tasks:fetch_api_website:587 - API hit Website Started
2024-05-17 11:38:30.730 | WARNING  | crm.tasks:fetch_api_website:596 - API hit successful!
2024-05-17 11:38:30.742 | WARNING  | crm.tasks:fetch_api_website:606 - API post does not exist
2024-05-17 11:38:30.748 | WARNING  | crm.tasks:fetch_api_website:606 - API post does not exist
2024-05-17 11:38:30.755 | WARNING  | crm.tasks:fetch_api_website:606 - API post does not exist
2024-05-17 11:38:30.760 | WARNING  | crm.tasks:fetch_api_website:606 - API post does not exist
2024-05-17 11:38:30.766 | WARNING  | crm.tasks:fetch_api_website:606 - API post does not exist
2024-05-17 11:38:30.770 | WARNING  | crm.tasks:fetch_api_website:606 - API post does not exist
2024-05-17 11:38:30.776 | WARNING  | crm.tasks:fetch_api_website:606 - API post does not exist
2024-05-17 11:38:30.781 | WARNING  | crm.tasks:fetch_api_website:606 - API post does not exist
2024-05-17 11:38:30.785 | WARNING  | crm.tasks:fetch_api_website:606 - API post does not exist
2024-05-17 11:38:30.789 | WARNING  | crm.tasks:fetch_api_website:606 - API post does not exist
2024-05-17 11:38:30.795 | WARNING  | crm.tasks:fetch_api_website:606 - API post does not exist
2024-05-17 11:38:30.799 | WARNING  | crm.tasks:fetch_api_website:606 - API post does not exist
2024-05-17 11:38:30.805 | WARNING  | crm.tasks:fetch_api_website:606 - API post does not exist
2024-05-17 11:38:30.809 | WARNING  | crm.tasks:fetch_api_website:606 - API post does not exist
2024-05-17 11:38:30.814 | WARNING  | crm.tasks:fetch_api_website:606 - API post does not exist
2024-05-17 11:38:32.622 | WARNING  | crm.tasks:generate_short_content_task:357 - Generate Short Content Task Exception 500 An internal error has occurred. Please retry or report in https://developers.generativeai.google/guide/troubleshooting
2024-05-17 11:39:09.213 | WARNING  | crm.tasks:generate_image_task:527 - Generate Image Task Started
2024-05-17 11:39:09.238 | WARNING  | crm.tasks:fetch_article_data_task:254 - Fetch Article Data Task Started
2024-05-17 11:39:09.255 | WARNING  | crm.tasks:fetch_article_data_task:258 - Get first item of Trending with status Saved,trending_object
2024-05-17 11:39:26.188 | WARNING  | crm.tasks:generate_short_content_task:340 - Generate Short Content Task Started
2024-05-17 11:39:26.394 | WARNING  | crm.tasks:generate_realated_trend_task:363 - Generate Related Trends Task Started
2024-05-17 11:39:26.412 | WARNING  | crm.tasks:generate_realated_trend_task:401 - Generate Related Trends Task Ended
2024-05-17 11:39:26.429 | WARNING  | crm.tasks:generate_content_info_task:412 - Generate Content Info Task Started
2024-05-17 11:39:26.460 | WARNING  | crm.tasks:generate_meta_info_task:558 - Generate Meta Task Started
2024-05-17 11:39:26.468 | WARNING  | crm.tasks:generate_content_info_task:456 - Generate Content Info Task Exception Expecting value: line 1 column 1 (char 0)
2024-05-17 11:39:26.486 | WARNING  | crm.tasks:generate_meta_info_task:576 - Generate Meta Task Ended
2024-05-17 11:39:26.494 | WARNING  | crm.tasks:generate_image_prompt_task:505 - Generate Image Prompt Task Started
2024-05-17 11:39:26.538 | WARNING  | crm.tasks:fetch_api_website:587 - API hit Website Started
2024-05-17 11:39:30.418 | WARNING  | crm.tasks:generate_short_content_task:357 - Generate Short Content Task Exception 500 An internal error has occurred. Please retry or report in https://developers.generativeai.google/guide/troubleshooting
2024-05-17 11:39:31.569 | WARNING  | crm.tasks:fetch_api_website:596 - API hit successful!
2024-05-17 11:39:31.581 | WARNING  | crm.tasks:fetch_api_website:606 - API post does not exist
2024-05-17 11:39:31.585 | WARNING  | crm.tasks:fetch_api_website:606 - API post does not exist
2024-05-17 11:39:31.590 | WARNING  | crm.tasks:fetch_api_website:606 - API post does not exist
2024-05-17 11:39:31.594 | WARNING  | crm.tasks:fetch_api_website:606 - API post does not exist
2024-05-17 11:39:31.599 | WARNING  | crm.tasks:fetch_api_website:606 - API post does not exist
2024-05-17 11:39:31.603 | WARNING  | crm.tasks:fetch_api_website:606 - API post does not exist
2024-05-17 11:39:31.608 | WARNING  | crm.tasks:fetch_api_website:606 - API post does not exist
2024-05-17 11:39:31.612 | WARNING  | crm.tasks:fetch_api_website:606 - API post does not exist
2024-05-17 11:39:31.616 | WARNING  | crm.tasks:fetch_api_website:606 - API post does not exist
2024-05-17 11:39:31.621 | WARNING  | crm.tasks:fetch_api_website:606 - API post does not exist
2024-05-17 11:39:31.625 | WARNING  | crm.tasks:fetch_api_website:606 - API post does not exist
2024-05-17 11:39:31.630 | WARNING  | crm.tasks:fetch_api_website:606 - API post does not exist
2024-05-17 11:39:31.634 | WARNING  | crm.tasks:fetch_api_website:606 - API post does not exist
2024-05-17 11:39:31.639 | WARNING  | crm.tasks:fetch_api_website:606 - API post does not exist
2024-05-17 11:39:31.644 | WARNING  | crm.tasks:fetch_api_website:606 - API post does not exist
2024-05-17 11:40:03.527 | WARNING  | crm.tasks:fetch_article_data_task:272 - For loop in Gnews
2024-05-17 11:40:03.531 | WARNING  | crm.tasks:fetch_article_data_task:276 - Article Download Starts
2024-05-17 11:40:04.609 | WARNING  | crm.tasks:fetch_article_data_task:278 - Article Download Successful
2024-05-17 11:40:04.962 | WARNING  | crm.tasks:fetch_article_data_task:281 - Article parse Successful
2024-05-17 11:40:04.966 | WARNING  | crm.tasks:fetch_article_data_task:272 - For loop in Gnews
2024-05-17 11:40:04.969 | WARNING  | crm.tasks:fetch_article_data_task:276 - Article Download Starts
2024-05-17 11:40:06.661 | WARNING  | crm.tasks:fetch_article_data_task:278 - Article Download Successful
2024-05-17 11:40:07.133 | WARNING  | crm.tasks:fetch_article_data_task:281 - Article parse Successful
2024-05-17 11:40:07.137 | WARNING  | crm.tasks:fetch_article_data_task:272 - For loop in Gnews
2024-05-17 11:40:07.141 | WARNING  | crm.tasks:fetch_article_data_task:276 - Article Download Starts
2024-05-17 11:40:08.245 | WARNING  | crm.tasks:fetch_article_data_task:278 - Article Download Successful
2024-05-17 11:40:08.544 | WARNING  | crm.tasks:fetch_article_data_task:281 - Article parse Successful
2024-05-17 11:40:08.548 | WARNING  | crm.tasks:fetch_article_data_task:272 - For loop in Gnews
2024-05-17 11:40:08.551 | WARNING  | crm.tasks:fetch_article_data_task:276 - Article Download Starts
2024-05-17 11:40:09.930 | WARNING  | crm.tasks:fetch_article_data_task:278 - Article Download Successful
2024-05-17 11:40:10.378 | WARNING  | crm.tasks:fetch_article_data_task:281 - Article parse Successful
2024-05-17 11:40:10.383 | WARNING  | crm.tasks:fetch_article_data_task:272 - For loop in Gnews
2024-05-17 11:40:10.387 | WARNING  | crm.tasks:fetch_article_data_task:276 - Article Download Starts
2024-05-17 11:40:11.025 | WARNING  | crm.tasks:fetch_article_data_task:278 - Article Download Successful
2024-05-17 11:40:11.033 | WARNING  | crm.tasks:fetch_article_data_task:301 - Article Parse exception Article `download()` failed with 429 Client Error: Unknown Error for url: https://thehill.com/regulation/court-battles/4667736-supreme-court-consumer-financial-protection-bureau-rejecting-gop-challenge/ on URL https://news.google.com/rss/articles/CBMigAFodHRwczovL3RoZWhpbGwuY29tL3JlZ3VsYXRpb24vY291cnQtYmF0dGxlcy80NjY3NzM2LXN1cHJlbWUtY291cnQtY29uc3VtZXItZmluYW5jaWFsLXByb3RlY3Rpb24tYnVyZWF1LXJlamVjdGluZy1nb3AtY2hhbGxlbmdlL9IBhAFodHRwczovL3RoZWhpbGwuY29tL3JlZ3VsYXRpb24vY291cnQtYmF0dGxlcy80NjY3NzM2LXN1cHJlbWUtY291cnQtY29uc3VtZXItZmluYW5jaWFsLXByb3RlY3Rpb24tYnVyZWF1LXJlamVjdGluZy1nb3AtY2hhbGxlbmdlL2FtcC8?oc=5&hl=en-IN&gl=IN&ceid=IN:en
2024-05-17 11:40:11.037 | WARNING  | crm.tasks:fetch_article_data_task:272 - For loop in Gnews
2024-05-17 11:40:11.039 | WARNING  | crm.tasks:fetch_article_data_task:276 - Article Download Starts
2024-05-17 11:40:12.148 | WARNING  | crm.tasks:fetch_article_data_task:278 - Article Download Successful
2024-05-17 11:40:12.584 | WARNING  | crm.tasks:fetch_article_data_task:281 - Article parse Successful
2024-05-17 11:40:12.601 | WARNING  | crm.tasks:fetch_article_data_task:272 - For loop in Gnews
2024-05-17 11:40:12.604 | WARNING  | crm.tasks:fetch_article_data_task:276 - Article Download Starts
2024-05-17 11:40:13.923 | WARNING  | crm.tasks:fetch_article_data_task:278 - Article Download Successful
2024-05-17 11:40:14.046 | WARNING  | crm.tasks:fetch_article_data_task:281 - Article parse Successful
2024-05-17 11:40:14.053 | WARNING  | crm.tasks:fetch_article_data_task:272 - For loop in Gnews
2024-05-17 11:40:14.056 | WARNING  | crm.tasks:fetch_article_data_task:276 - Article Download Starts
2024-05-17 11:40:16.282 | WARNING  | crm.tasks:fetch_article_data_task:278 - Article Download Successful
2024-05-17 11:40:16.761 | WARNING  | crm.tasks:fetch_article_data_task:281 - Article parse Successful
2024-05-17 11:40:16.765 | WARNING  | crm.tasks:fetch_article_data_task:272 - For loop in Gnews
2024-05-17 11:40:16.771 | WARNING  | crm.tasks:fetch_article_data_task:276 - Article Download Starts
2024-05-17 11:40:17.371 | WARNING  | crm.tasks:fetch_article_data_task:278 - Article Download Successful
2024-05-17 11:40:17.375 | WARNING  | crm.tasks:fetch_article_data_task:301 - Article Parse exception Article `download()` failed with 429 Client Error: Unknown Error for url: https://thehill.com/business/4653823-biden-watchdogs-probe-popular-credit-card-and-airline-rewards/ on URL https://news.google.com/rss/articles/CBMiY2h0dHBzOi8vdGhlaGlsbC5jb20vYnVzaW5lc3MvNDY1MzgyMy1iaWRlbi13YXRjaGRvZ3MtcHJvYmUtcG9wdWxhci1jcmVkaXQtY2FyZC1hbmQtYWlybGluZS1yZXdhcmRzL9IBZ2h0dHBzOi8vdGhlaGlsbC5jb20vYnVzaW5lc3MvNDY1MzgyMy1iaWRlbi13YXRjaGRvZ3MtcHJvYmUtcG9wdWxhci1jcmVkaXQtY2FyZC1hbmQtYWlybGluZS1yZXdhcmRzL2FtcC8?oc=5&hl=en-IN&gl=IN&ceid=IN:en
2024-05-17 11:40:17.377 | WARNING  | crm.tasks:fetch_article_data_task:272 - For loop in Gnews
2024-05-17 11:40:17.379 | WARNING  | crm.tasks:fetch_article_data_task:276 - Article Download Starts
2024-05-17 11:40:18.045 | WARNING  | crm.tasks:fetch_article_data_task:278 - Article Download Successful
2024-05-17 11:40:18.334 | WARNING  | crm.tasks:fetch_article_data_task:281 - Article parse Successful
2024-05-17 11:40:18.341 | WARNING  | crm.tasks:fetch_article_data_task:272 - For loop in Gnews
2024-05-17 11:40:18.345 | WARNING  | crm.tasks:fetch_article_data_task:276 - Article Download Starts
2024-05-17 11:40:19.349 | WARNING  | crm.tasks:fetch_article_data_task:278 - Article Download Successful
2024-05-17 11:40:20.646 | WARNING  | crm.tasks:fetch_article_data_task:281 - Article parse Successful
2024-05-17 11:40:20.652 | WARNING  | crm.tasks:fetch_article_data_task:272 - For loop in Gnews
2024-05-17 11:40:20.656 | WARNING  | crm.tasks:fetch_article_data_task:276 - Article Download Starts
2024-05-17 11:40:22.991 | WARNING  | crm.tasks:fetch_article_data_task:278 - Article Download Successful
2024-05-17 11:40:23.318 | WARNING  | crm.tasks:fetch_article_data_task:281 - Article parse Successful
2024-05-17 11:40:23.322 | WARNING  | crm.tasks:fetch_article_data_task:297 - For loop status break 10
2024-05-17 11:40:23.327 | WARNING  | crm.tasks:fetch_article_data_task:315 - Scrape Table items not empty
2024-05-17 11:40:23.355 | WARNING  | crm.tasks:fetch_article_data_task:324 - Scrape Table Saved
2024-05-17 11:40:23.369 | WARNING  | crm.tasks:fetch_article_data_task:327 - Trending table Status updated
2024-05-17 11:40:23.371 | WARNING  | crm.tasks:fetch_article_data_task:328 - Fetch Article Data Task Completed
2024-05-17 11:40:26.191 | WARNING  | crm.tasks:generate_short_content_task:340 - Generate Short Content Task Started
2024-05-17 11:40:26.391 | WARNING  | crm.tasks:generate_realated_trend_task:363 - Generate Related Trends Task Started
2024-05-17 11:40:26.405 | WARNING  | crm.tasks:generate_realated_trend_task:401 - Generate Related Trends Task Ended
2024-05-17 11:40:26.426 | WARNING  | crm.tasks:generate_content_info_task:412 - Generate Content Info Task Started
2024-05-17 11:40:26.448 | WARNING  | crm.tasks:generate_content_info_task:456 - Generate Content Info Task Exception Expecting value: line 1 column 1 (char 0)
2024-05-17 11:40:26.463 | WARNING  | crm.tasks:generate_meta_info_task:558 - Generate Meta Task Started
2024-05-17 11:40:26.473 | WARNING  | crm.tasks:generate_meta_info_task:576 - Generate Meta Task Ended
2024-05-17 11:40:26.487 | WARNING  | crm.tasks:generate_image_prompt_task:505 - Generate Image Prompt Task Started
2024-05-17 11:40:26.525 | WARNING  | crm.tasks:fetch_api_website:587 - API hit Website Started
2024-05-17 11:40:28.346 | WARNING  | crm.tasks:fetch_api_website:596 - API hit successful!
2024-05-17 11:40:28.352 | WARNING  | crm.tasks:fetch_api_website:606 - API post does not exist
2024-05-17 11:40:28.358 | WARNING  | crm.tasks:fetch_api_website:606 - API post does not exist
2024-05-17 11:40:28.363 | WARNING  | crm.tasks:fetch_api_website:606 - API post does not exist
2024-05-17 11:40:28.368 | WARNING  | crm.tasks:fetch_api_website:606 - API post does not exist
2024-05-17 11:40:28.372 | WARNING  | crm.tasks:fetch_api_website:606 - API post does not exist
2024-05-17 11:40:28.377 | WARNING  | crm.tasks:fetch_api_website:606 - API post does not exist
2024-05-17 11:40:28.381 | WARNING  | crm.tasks:fetch_api_website:606 - API post does not exist
2024-05-17 11:40:28.386 | WARNING  | crm.tasks:fetch_api_website:606 - API post does not exist
2024-05-17 11:40:28.390 | WARNING  | crm.tasks:fetch_api_website:606 - API post does not exist
2024-05-17 11:40:28.394 | WARNING  | crm.tasks:fetch_api_website:606 - API post does not exist
2024-05-17 11:40:28.400 | WARNING  | crm.tasks:fetch_api_website:606 - API post does not exist
2024-05-17 11:40:28.406 | WARNING  | crm.tasks:fetch_api_website:606 - API post does not exist
2024-05-17 11:40:28.410 | WARNING  | crm.tasks:fetch_api_website:606 - API post does not exist
2024-05-17 11:40:28.416 | WARNING  | crm.tasks:fetch_api_website:606 - API post does not exist
2024-05-17 11:40:28.421 | WARNING  | crm.tasks:fetch_api_website:606 - API post does not exist
2024-05-17 11:40:28.768 | WARNING  | crm.tasks:generate_short_content_task:357 - Generate Short Content Task Exception 500 An internal error has occurred. Please retry or report in https://developers.generativeai.google/guide/troubleshooting
2024-05-17 11:41:26.203 | WARNING  | crm.tasks:generate_short_content_task:340 - Generate Short Content Task Started
2024-05-17 11:41:26.659 | WARNING  | crm.tasks:generate_realated_trend_task:363 - Generate Related Trends Task Started
2024-05-17 11:41:26.672 | WARNING  | crm.tasks:generate_realated_trend_task:401 - Generate Related Trends Task Ended
2024-05-17 11:41:26.680 | WARNING  | crm.tasks:generate_content_info_task:412 - Generate Content Info Task Started
2024-05-17 11:41:26.711 | WARNING  | crm.tasks:generate_meta_info_task:558 - Generate Meta Task Started
2024-05-17 11:41:26.713 | WARNING  | crm.tasks:generate_image_prompt_task:505 - Generate Image Prompt Task Started
2024-05-17 11:41:26.714 | WARNING  | crm.tasks:generate_content_info_task:456 - Generate Content Info Task Exception Expecting value: line 1 column 1 (char 0)
2024-05-17 11:41:26.723 | WARNING  | crm.tasks:generate_meta_info_task:576 - Generate Meta Task Ended
2024-05-17 11:41:26.752 | WARNING  | crm.tasks:fetch_api_website:587 - API hit Website Started
2024-05-17 11:41:28.655 | WARNING  | crm.tasks:fetch_api_website:596 - API hit successful!
2024-05-17 11:41:28.665 | WARNING  | crm.tasks:fetch_api_website:606 - API post does not exist
2024-05-17 11:41:28.668 | WARNING  | crm.tasks:fetch_api_website:606 - API post does not exist
2024-05-17 11:41:28.672 | WARNING  | crm.tasks:fetch_api_website:606 - API post does not exist
2024-05-17 11:41:28.675 | WARNING  | crm.tasks:fetch_api_website:606 - API post does not exist
2024-05-17 11:41:28.679 | WARNING  | crm.tasks:fetch_api_website:606 - API post does not exist
2024-05-17 11:41:28.683 | WARNING  | crm.tasks:fetch_api_website:606 - API post does not exist
2024-05-17 11:41:28.686 | WARNING  | crm.tasks:fetch_api_website:606 - API post does not exist
2024-05-17 11:41:28.690 | WARNING  | crm.tasks:fetch_api_website:606 - API post does not exist
2024-05-17 11:41:28.693 | WARNING  | crm.tasks:fetch_api_website:606 - API post does not exist
2024-05-17 11:41:28.697 | WARNING  | crm.tasks:fetch_api_website:606 - API post does not exist
2024-05-17 11:41:28.700 | WARNING  | crm.tasks:fetch_api_website:606 - API post does not exist
2024-05-17 11:41:28.703 | WARNING  | crm.tasks:fetch_api_website:606 - API post does not exist
2024-05-17 11:41:28.707 | WARNING  | crm.tasks:fetch_api_website:606 - API post does not exist
2024-05-17 11:41:28.710 | WARNING  | crm.tasks:fetch_api_website:606 - API post does not exist
2024-05-17 11:41:28.714 | WARNING  | crm.tasks:fetch_api_website:606 - API post does not exist
2024-05-17 11:41:30.288 | WARNING  | crm.tasks:generate_short_content_task:357 - Generate Short Content Task Exception 500 An internal error has occurred. Please retry or report in https://developers.generativeai.google/guide/troubleshooting
2024-05-17 11:41:46.436 | WARNING  | crm.tasks:generate_content_task:462 - Generate Content Task Started
2024-05-17 11:42:26.209 | WARNING  | crm.tasks:generate_short_content_task:340 - Generate Short Content Task Started
2024-05-17 11:42:26.666 | WARNING  | crm.tasks:generate_realated_trend_task:363 - Generate Related Trends Task Started
2024-05-17 11:42:26.683 | WARNING  | crm.tasks:generate_content_info_task:412 - Generate Content Info Task Started
2024-05-17 11:42:26.695 | WARNING  | crm.tasks:generate_meta_info_task:558 - Generate Meta Task Started
2024-05-17 11:42:26.684 | WARNING  | crm.tasks:generate_realated_trend_task:401 - Generate Related Trends Task Ended
2024-05-17 11:42:26.707 | WARNING  | crm.tasks:generate_meta_info_task:576 - Generate Meta Task Ended
2024-05-17 11:42:26.721 | WARNING  | crm.tasks:generate_image_prompt_task:505 - Generate Image Prompt Task Started
2024-05-17 11:42:26.740 | WARNING  | crm.tasks:generate_content_info_task:456 - Generate Content Info Task Exception Expecting value: line 1 column 1 (char 0)
2024-05-17 11:42:26.764 | WARNING  | crm.tasks:fetch_api_website:587 - API hit Website Started
2024-05-17 11:42:28.571 | WARNING  | crm.tasks:fetch_api_website:596 - API hit successful!
2024-05-17 11:42:28.578 | WARNING  | crm.tasks:fetch_api_website:606 - API post does not exist
2024-05-17 11:42:28.586 | WARNING  | crm.tasks:fetch_api_website:606 - API post does not exist
2024-05-17 11:42:28.590 | WARNING  | crm.tasks:fetch_api_website:606 - API post does not exist
2024-05-17 11:42:28.594 | WARNING  | crm.tasks:fetch_api_website:606 - API post does not exist
2024-05-17 11:42:28.600 | WARNING  | crm.tasks:fetch_api_website:606 - API post does not exist
2024-05-17 11:42:28.606 | WARNING  | crm.tasks:fetch_api_website:606 - API post does not exist
2024-05-17 11:42:28.610 | WARNING  | crm.tasks:fetch_api_website:606 - API post does not exist
2024-05-17 11:42:28.615 | WARNING  | crm.tasks:fetch_api_website:606 - API post does not exist
2024-05-17 11:42:28.619 | WARNING  | crm.tasks:fetch_api_website:606 - API post does not exist
2024-05-17 11:42:28.624 | WARNING  | crm.tasks:fetch_api_website:606 - API post does not exist
2024-05-17 11:42:28.627 | WARNING  | crm.tasks:fetch_api_website:606 - API post does not exist
2024-05-17 11:42:28.631 | WARNING  | crm.tasks:fetch_api_website:606 - API post does not exist
2024-05-17 11:42:28.635 | WARNING  | crm.tasks:fetch_api_website:606 - API post does not exist
2024-05-17 11:42:28.640 | WARNING  | crm.tasks:fetch_api_website:606 - API post does not exist
2024-05-17 11:42:28.644 | WARNING  | crm.tasks:fetch_api_website:606 - API post does not exist
2024-05-17 11:42:28.899 | WARNING  | crm.tasks:generate_short_content_task:357 - Generate Short Content Task Exception 500 An internal error has occurred. Please retry or report in https://developers.generativeai.google/guide/troubleshooting
2024-05-17 11:43:26.217 | WARNING  | crm.tasks:generate_short_content_task:340 - Generate Short Content Task Started
2024-05-17 11:43:26.670 | WARNING  | crm.tasks:generate_realated_trend_task:363 - Generate Related Trends Task Started
2024-05-17 11:43:26.686 | WARNING  | crm.tasks:generate_realated_trend_task:401 - Generate Related Trends Task Ended
2024-05-17 11:43:26.700 | WARNING  | crm.tasks:generate_content_info_task:412 - Generate Content Info Task Started
2024-05-17 11:43:26.750 | WARNING  | crm.tasks:generate_content_info_task:456 - Generate Content Info Task Exception Expecting value: line 1 column 1 (char 0)
2024-05-17 11:43:26.754 | WARNING  | crm.tasks:generate_image_prompt_task:505 - Generate Image Prompt Task Started
2024-05-17 11:43:26.757 | WARNING  | crm.tasks:generate_meta_info_task:558 - Generate Meta Task Started
2024-05-17 11:43:26.776 | WARNING  | crm.tasks:generate_meta_info_task:576 - Generate Meta Task Ended
2024-05-17 11:43:26.796 | WARNING  | crm.tasks:fetch_api_website:587 - API hit Website Started
2024-05-17 11:43:28.599 | WARNING  | crm.tasks:fetch_api_website:596 - API hit successful!
2024-05-17 11:43:28.606 | WARNING  | crm.tasks:fetch_api_website:606 - API post does not exist
2024-05-17 11:43:28.609 | WARNING  | crm.tasks:fetch_api_website:606 - API post does not exist
2024-05-17 11:43:28.613 | WARNING  | crm.tasks:fetch_api_website:606 - API post does not exist
2024-05-17 11:43:28.616 | WARNING  | crm.tasks:fetch_api_website:606 - API post does not exist
2024-05-17 11:43:28.619 | WARNING  | crm.tasks:fetch_api_website:606 - API post does not exist
2024-05-17 11:43:28.623 | WARNING  | crm.tasks:fetch_api_website:606 - API post does not exist
2024-05-17 11:43:28.626 | WARNING  | crm.tasks:fetch_api_website:606 - API post does not exist
2024-05-17 11:43:28.629 | WARNING  | crm.tasks:fetch_api_website:606 - API post does not exist
2024-05-17 11:43:28.633 | WARNING  | crm.tasks:fetch_api_website:606 - API post does not exist
2024-05-17 11:43:28.636 | WARNING  | crm.tasks:fetch_api_website:606 - API post does not exist
2024-05-17 11:43:28.639 | WARNING  | crm.tasks:fetch_api_website:606 - API post does not exist
2024-05-17 11:43:28.643 | WARNING  | crm.tasks:fetch_api_website:606 - API post does not exist
2024-05-17 11:43:28.646 | WARNING  | crm.tasks:fetch_api_website:606 - API post does not exist
2024-05-17 11:43:28.649 | WARNING  | crm.tasks:fetch_api_website:606 - API post does not exist
2024-05-17 11:43:28.653 | WARNING  | crm.tasks:fetch_api_website:606 - API post does not exist
2024-05-17 11:43:29.299 | WARNING  | crm.tasks:generate_short_content_task:357 - Generate Short Content Task Exception 500 An internal error has occurred. Please retry or report in https://developers.generativeai.google/guide/troubleshooting
2024-05-17 11:44:26.223 | WARNING  | crm.tasks:generate_short_content_task:340 - Generate Short Content Task Started
2024-05-17 11:44:26.879 | WARNING  | crm.tasks:generate_realated_trend_task:363 - Generate Related Trends Task Started
2024-05-17 11:44:26.894 | WARNING  | crm.tasks:generate_content_info_task:412 - Generate Content Info Task Started
2024-05-17 11:44:26.910 | WARNING  | crm.tasks:generate_meta_info_task:558 - Generate Meta Task Started
2024-05-17 11:44:26.910 | WARNING  | crm.tasks:generate_realated_trend_task:401 - Generate Related Trends Task Ended
2024-05-17 11:44:26.919 | WARNING  | crm.tasks:generate_meta_info_task:576 - Generate Meta Task Ended
2024-05-17 11:44:26.929 | WARNING  | crm.tasks:generate_content_info_task:456 - Generate Content Info Task Exception Expecting value: line 1 column 1 (char 0)
2024-05-17 11:44:26.942 | WARNING  | crm.tasks:generate_image_prompt_task:505 - Generate Image Prompt Task Started
2024-05-17 11:44:26.973 | WARNING  | crm.tasks:fetch_api_website:587 - API hit Website Started
2024-05-17 11:44:28.800 | WARNING  | crm.tasks:fetch_api_website:596 - API hit successful!
2024-05-17 11:44:28.807 | WARNING  | crm.tasks:fetch_api_website:606 - API post does not exist
2024-05-17 11:44:28.810 | WARNING  | crm.tasks:fetch_api_website:606 - API post does not exist
2024-05-17 11:44:28.814 | WARNING  | crm.tasks:fetch_api_website:606 - API post does not exist
2024-05-17 11:44:28.817 | WARNING  | crm.tasks:fetch_api_website:606 - API post does not exist
2024-05-17 11:44:28.821 | WARNING  | crm.tasks:fetch_api_website:606 - API post does not exist
2024-05-17 11:44:28.824 | WARNING  | crm.tasks:fetch_api_website:606 - API post does not exist
2024-05-17 11:44:28.828 | WARNING  | crm.tasks:fetch_api_website:606 - API post does not exist
2024-05-17 11:44:28.831 | WARNING  | crm.tasks:fetch_api_website:606 - API post does not exist
2024-05-17 11:44:28.835 | WARNING  | crm.tasks:fetch_api_website:606 - API post does not exist
2024-05-17 11:44:28.838 | WARNING  | crm.tasks:fetch_api_website:606 - API post does not exist
2024-05-17 11:44:28.842 | WARNING  | crm.tasks:fetch_api_website:606 - API post does not exist
2024-05-17 11:44:28.845 | WARNING  | crm.tasks:fetch_api_website:606 - API post does not exist
2024-05-17 11:44:28.849 | WARNING  | crm.tasks:fetch_api_website:606 - API post does not exist
2024-05-17 11:44:28.852 | WARNING  | crm.tasks:fetch_api_website:606 - API post does not exist
2024-05-17 11:44:28.856 | WARNING  | crm.tasks:fetch_api_website:606 - API post does not exist
2024-05-17 11:44:29.372 | WARNING  | crm.tasks:generate_short_content_task:357 - Generate Short Content Task Exception 500 An internal error has occurred. Please retry or report in https://developers.generativeai.google/guide/troubleshooting
2024-05-17 11:45:06.450 | WARNING  | crm.tasks:generate_content_task:462 - Generate Content Task Started
2024-05-17 11:45:09.219 | WARNING  | crm.tasks:generate_image_task:527 - Generate Image Task Started
2024-05-17 11:45:09.241 | WARNING  | crm.tasks:fetch_article_data_task:254 - Fetch Article Data Task Started
2024-05-17 11:45:09.254 | WARNING  | crm.tasks:fetch_article_data_task:258 - Get first item of Trending with status Saved,trending_object
2024-05-17 11:45:26.222 | WARNING  | crm.tasks:generate_short_content_task:340 - Generate Short Content Task Started
2024-05-17 11:45:26.878 | WARNING  | crm.tasks:generate_realated_trend_task:363 - Generate Related Trends Task Started
2024-05-17 11:45:26.900 | WARNING  | crm.tasks:generate_content_info_task:412 - Generate Content Info Task Started
2024-05-17 11:45:26.896 | WARNING  | crm.tasks:generate_realated_trend_task:401 - Generate Related Trends Task Ended
2024-05-17 11:45:26.919 | WARNING  | crm.tasks:generate_meta_info_task:558 - Generate Meta Task Started
2024-05-17 11:45:26.931 | WARNING  | crm.tasks:generate_meta_info_task:576 - Generate Meta Task Ended
2024-05-17 11:45:26.945 | WARNING  | crm.tasks:generate_content_info_task:456 - Generate Content Info Task Exception Expecting value: line 1 column 1 (char 0)
2024-05-17 11:45:26.964 | WARNING  | crm.tasks:generate_image_prompt_task:505 - Generate Image Prompt Task Started
2024-05-17 11:45:26.990 | WARNING  | crm.tasks:fetch_api_website:587 - API hit Website Started
2024-05-17 11:45:28.773 | WARNING  | crm.tasks:fetch_api_website:596 - API hit successful!
2024-05-17 11:45:28.780 | WARNING  | crm.tasks:fetch_api_website:606 - API post does not exist
2024-05-17 11:45:28.783 | WARNING  | crm.tasks:fetch_api_website:606 - API post does not exist
2024-05-17 11:45:28.787 | WARNING  | crm.tasks:fetch_api_website:606 - API post does not exist
2024-05-17 11:45:28.790 | WARNING  | crm.tasks:fetch_api_website:606 - API post does not exist
2024-05-17 11:45:28.793 | WARNING  | crm.tasks:fetch_api_website:606 - API post does not exist
2024-05-17 11:45:28.796 | WARNING  | crm.tasks:fetch_api_website:606 - API post does not exist
2024-05-17 11:45:28.799 | WARNING  | crm.tasks:fetch_api_website:606 - API post does not exist
2024-05-17 11:45:28.803 | WARNING  | crm.tasks:fetch_api_website:606 - API post does not exist
2024-05-17 11:45:28.806 | WARNING  | crm.tasks:fetch_api_website:606 - API post does not exist
2024-05-17 11:45:28.809 | WARNING  | crm.tasks:fetch_api_website:606 - API post does not exist
2024-05-17 11:45:28.812 | WARNING  | crm.tasks:fetch_api_website:606 - API post does not exist
2024-05-17 11:45:28.816 | WARNING  | crm.tasks:fetch_api_website:606 - API post does not exist
2024-05-17 11:45:28.819 | WARNING  | crm.tasks:fetch_api_website:606 - API post does not exist
2024-05-17 11:45:28.822 | WARNING  | crm.tasks:fetch_api_website:606 - API post does not exist
2024-05-17 11:45:28.826 | WARNING  | crm.tasks:fetch_api_website:606 - API post does not exist
2024-05-17 11:45:30.837 | WARNING  | crm.tasks:generate_short_content_task:357 - Generate Short Content Task Exception 500 An internal error has occurred. Please retry or report in https://developers.generativeai.google/guide/troubleshooting
2024-05-17 11:46:05.348 | WARNING  | crm.tasks:fetch_article_data_task:272 - For loop in Gnews
2024-05-17 11:46:05.350 | WARNING  | crm.tasks:fetch_article_data_task:276 - Article Download Starts
2024-05-17 11:46:06.230 | WARNING  | crm.tasks:fetch_article_data_task:278 - Article Download Successful
2024-05-17 11:46:06.234 | WARNING  | crm.tasks:fetch_article_data_task:301 - Article Parse exception Article `download()` failed with 403 Client Error: Max restarts limit reached for url: https://www.forbes.com/sites/bobeccles/2024/05/15/where-does-the-sustainability-finance-disclosure-regulation-go-from-here/ on URL https://news.google.com/rss/articles/CBMie2h0dHBzOi8vd3d3LmZvcmJlcy5jb20vc2l0ZXMvYm9iZWNjbGVzLzIwMjQvMDUvMTUvd2hlcmUtZG9lcy10aGUtc3VzdGFpbmFiaWxpdHktZmluYW5jZS1kaXNjbG9zdXJlLXJlZ3VsYXRpb24tZ28tZnJvbS1oZXJlL9IBAA?oc=5&hl=en-IN&gl=IN&ceid=IN:en
2024-05-17 11:46:06.235 | WARNING  | crm.tasks:fetch_article_data_task:272 - For loop in Gnews
2024-05-17 11:46:06.237 | WARNING  | crm.tasks:fetch_article_data_task:276 - Article Download Starts
2024-05-17 11:46:12.298 | WARNING  | crm.tasks:fetch_article_data_task:278 - Article Download Successful
2024-05-17 11:46:12.937 | WARNING  | crm.tasks:fetch_article_data_task:281 - Article parse Successful
2024-05-17 11:46:12.940 | WARNING  | crm.tasks:fetch_article_data_task:272 - For loop in Gnews
2024-05-17 11:46:12.944 | WARNING  | crm.tasks:fetch_article_data_task:276 - Article Download Starts
2024-05-17 11:46:13.876 | WARNING  | crm.tasks:fetch_article_data_task:278 - Article Download Successful
2024-05-17 11:46:13.879 | WARNING  | crm.tasks:fetch_article_data_task:301 - Article Parse exception Article `download()` failed with 401 Client Error: HTTP Forbidden for url: https://www.reuters.com/legal/us-supreme-court-backs-consumer-finance-watchdog-agencys-funding-mechanism-2024-05-16/ on URL https://news.google.com/rss/articles/CBMidGh0dHBzOi8vd3d3LnJldXRlcnMuY29tL2xlZ2FsL3VzLXN1cHJlbWUtY291cnQtYmFja3MtY29uc3VtZXItZmluYW5jZS13YXRjaGRvZy1hZ2VuY3lzLWZ1bmRpbmctbWVjaGFuaXNtLTIwMjQtMDUtMTYv0gEA?oc=5&hl=en-IN&gl=IN&ceid=IN:en
2024-05-17 11:46:13.881 | WARNING  | crm.tasks:fetch_article_data_task:272 - For loop in Gnews
2024-05-17 11:46:13.882 | WARNING  | crm.tasks:fetch_article_data_task:276 - Article Download Starts
2024-05-17 11:46:14.965 | WARNING  | crm.tasks:fetch_article_data_task:278 - Article Download Successful
