2024-05-14 16:36:53.417 | WARNING  | crm.tasks:generate_content_info_task:333 - Generate Content Info Task Started
2024-05-14 16:36:53.867 | WARNING  | crm.tasks:generate_content_info_task:371 - Generate Content Info Task Ended
2024-05-14 16:38:33.110 | WARNING  | crm.tasks:generate_content_task:381 - Generate Content Task Started
2024-05-14 16:38:33.127 | WARNING  | crm.tasks:generate_meta_info_task:305 - Generate Meta Task Started
2024-05-14 16:38:33.139 | WARNING  | crm.tasks:generate_image_prompt_task:423 - Generate Image Prompt Task Started
2024-05-14 16:38:33.152 | WARNING  | crm.tasks:generate_meta_info_task:323 - Generate Meta Task Ended
2024-05-14 16:38:33.182 | WARNING  | crm.tasks:fetch_api_website:476 - API hit Website Started
2024-05-14 16:38:33.222 | WARNING  | crm.tasks:fetch_article_data_task:231 - Fetch Article Data Task Started
2024-05-14 16:38:33.335 | WARNING  | crm.tasks:generate_content_info_task:333 - Generate Content Info Task Started
2024-05-14 16:38:33.346 | WARNING  | crm.tasks:generate_content_info_task:371 - Generate Content Info Task Ended
2024-05-14 16:38:33.510 | WARNING  | crm.tasks:fetch_article_data_task:235 - Get first item of Trending with status Saved
2024-05-14 16:38:41.238 | WARNING  | crm.tasks:fetch_api_website:485 - API hit successful!
2024-05-14 16:38:41.248 | WARNING  | crm.tasks:fetch_api_website:495 - API post does not exist
2024-05-14 16:38:41.251 | WARNING  | crm.tasks:fetch_api_website:495 - API post does not exist
2024-05-14 16:38:41.255 | WARNING  | crm.tasks:fetch_api_website:495 - API post does not exist
2024-05-14 16:38:41.259 | WARNING  | crm.tasks:fetch_api_website:495 - API post does not exist
2024-05-14 16:38:41.263 | WARNING  | crm.tasks:fetch_api_website:495 - API post does not exist
2024-05-14 16:38:41.267 | WARNING  | crm.tasks:fetch_api_website:495 - API post does not exist
2024-05-14 16:38:41.272 | WARNING  | crm.tasks:fetch_api_website:495 - API post does not exist
2024-05-14 16:38:41.276 | WARNING  | crm.tasks:fetch_api_website:495 - API post does not exist
2024-05-14 16:38:41.280 | WARNING  | crm.tasks:fetch_api_website:495 - API post does not exist
2024-05-14 16:38:41.284 | WARNING  | crm.tasks:fetch_api_website:495 - API post does not exist
2024-05-14 16:38:41.288 | WARNING  | crm.tasks:fetch_api_website:495 - API post does not exist
2024-05-14 16:38:41.292 | WARNING  | crm.tasks:fetch_api_website:495 - API post does not exist
2024-05-14 16:38:41.296 | WARNING  | crm.tasks:fetch_api_website:495 - API post does not exist
2024-05-14 16:38:41.300 | WARNING  | crm.tasks:fetch_api_website:495 - API post does not exist
2024-05-14 16:38:41.592 | WARNING  | crm.tasks:fetch_api_website:493 - API Table Saved
2024-05-14 16:39:00.494 | WARNING  | crm.tasks:generate_image_prompt_task:436 - Generate Image Prompt Task Completed
2024-05-14 16:39:26.825 | WARNING  | crm.tasks:fetch_article_data_task:249 - For loop in Gnews
2024-05-14 16:39:26.827 | WARNING  | crm.tasks:fetch_article_data_task:253 - Article Download Starts
2024-05-14 16:39:33.722 | WARNING  | crm.tasks:fetch_article_data_task:255 - Article Download Successful
2024-05-14 16:39:34.328 | WARNING  | crm.tasks:fetch_article_data_task:258 - Article parse Successful
2024-05-14 16:39:34.330 | WARNING  | crm.tasks:fetch_article_data_task:249 - For loop in Gnews
2024-05-14 16:39:34.333 | WARNING  | crm.tasks:fetch_article_data_task:253 - Article Download Starts
2024-05-14 16:39:38.718 | WARNING  | crm.tasks:fetch_article_data_task:255 - Article Download Successful
2024-05-14 16:39:38.722 | WARNING  | crm.tasks:fetch_article_data_task:273 - Article Parse exception
2024-05-14 16:39:38.724 | WARNING  | crm.tasks:fetch_article_data_task:249 - For loop in Gnews
2024-05-14 16:39:38.727 | WARNING  | crm.tasks:fetch_article_data_task:253 - Article Download Starts
2024-05-14 16:39:39.639 | WARNING  | crm.tasks:fetch_article_data_task:255 - Article Download Successful
2024-05-14 16:39:39.946 | WARNING  | crm.tasks:fetch_article_data_task:258 - Article parse Successful
2024-05-14 16:39:39.948 | WARNING  | crm.tasks:fetch_article_data_task:249 - For loop in Gnews
2024-05-14 16:39:39.950 | WARNING  | crm.tasks:fetch_article_data_task:253 - Article Download Starts
2024-05-14 16:39:41.372 | WARNING  | crm.tasks:fetch_article_data_task:255 - Article Download Successful
2024-05-14 16:39:41.582 | WARNING  | crm.tasks:fetch_article_data_task:258 - Article parse Successful
2024-05-14 16:39:41.583 | WARNING  | crm.tasks:fetch_article_data_task:249 - For loop in Gnews
2024-05-14 16:39:41.586 | WARNING  | crm.tasks:fetch_article_data_task:253 - Article Download Starts
2024-05-14 16:39:43.446 | WARNING  | crm.tasks:fetch_article_data_task:255 - Article Download Successful
2024-05-14 16:39:44.004 | WARNING  | crm.tasks:fetch_article_data_task:258 - Article parse Successful
2024-05-14 16:39:44.005 | WARNING  | crm.tasks:fetch_article_data_task:249 - For loop in Gnews
2024-05-14 16:39:44.008 | WARNING  | crm.tasks:fetch_article_data_task:253 - Article Download Starts
2024-05-14 16:39:44.995 | WARNING  | crm.tasks:fetch_article_data_task:255 - Article Download Successful
2024-05-14 16:39:45.239 | WARNING  | crm.tasks:fetch_article_data_task:258 - Article parse Successful
2024-05-14 16:39:45.241 | WARNING  | crm.tasks:fetch_article_data_task:269 - For loop status break
2024-05-14 16:39:45.251 | WARNING  | crm.tasks:fetch_article_data_task:295 - Fetch Article Data Task Completed
2024-05-14 16:40:13.118 | WARNING  | crm.tasks:generate_content_task:381 - Generate Content Task Started
2024-05-14 16:40:13.133 | WARNING  | crm.tasks:generate_meta_info_task:305 - Generate Meta Task Started
2024-05-14 16:40:13.152 | WARNING  | crm.tasks:generate_image_prompt_task:423 - Generate Image Prompt Task Started
2024-05-14 16:40:13.147 | WARNING  | crm.tasks:generate_meta_info_task:323 - Generate Meta Task Ended
2024-05-14 16:40:13.194 | WARNING  | crm.tasks:fetch_api_website:476 - API hit Website Started
2024-05-14 16:40:13.237 | WARNING  | crm.tasks:fetch_article_data_task:231 - Fetch Article Data Task Started
2024-05-14 16:40:13.277 | WARNING  | crm.tasks:fetch_article_data_task:235 - Get first item of Trending with status Saved
2024-05-14 16:40:13.343 | WARNING  | crm.tasks:generate_content_info_task:333 - Generate Content Info Task Started
2024-05-14 16:40:13.356 | WARNING  | crm.tasks:generate_content_info_task:371 - Generate Content Info Task Ended
2024-05-14 16:40:16.517 | WARNING  | crm.tasks:fetch_api_website:485 - API hit successful!
2024-05-14 16:40:16.525 | WARNING  | crm.tasks:fetch_api_website:495 - API post does not exist
2024-05-14 16:40:16.531 | WARNING  | crm.tasks:fetch_api_website:495 - API post does not exist
2024-05-14 16:40:16.535 | WARNING  | crm.tasks:fetch_api_website:495 - API post does not exist
2024-05-14 16:40:16.540 | WARNING  | crm.tasks:fetch_api_website:495 - API post does not exist
2024-05-14 16:40:16.543 | WARNING  | crm.tasks:fetch_api_website:495 - API post does not exist
2024-05-14 16:40:16.548 | WARNING  | crm.tasks:fetch_api_website:495 - API post does not exist
2024-05-14 16:40:16.557 | WARNING  | crm.tasks:fetch_api_website:495 - API post does not exist
2024-05-14 16:40:16.563 | WARNING  | crm.tasks:fetch_api_website:495 - API post does not exist
2024-05-14 16:40:16.566 | WARNING  | crm.tasks:fetch_api_website:495 - API post does not exist
2024-05-14 16:40:16.572 | WARNING  | crm.tasks:fetch_api_website:495 - API post does not exist
2024-05-14 16:40:16.577 | WARNING  | crm.tasks:fetch_api_website:495 - API post does not exist
2024-05-14 16:40:16.582 | WARNING  | crm.tasks:fetch_api_website:495 - API post does not exist
2024-05-14 16:40:16.585 | WARNING  | crm.tasks:fetch_api_website:495 - API post does not exist
2024-05-14 16:40:16.589 | WARNING  | crm.tasks:fetch_api_website:495 - API post does not exist
2024-05-14 16:40:16.698 | WARNING  | crm.tasks:fetch_api_website:493 - API Table Saved
2024-05-14 16:40:36.145 | WARNING  | crm.tasks:generate_image_prompt_task:436 - Generate Image Prompt Task Completed
2024-05-14 16:40:59.711 | WARNING  | crm.tasks:fetch_article_data_task:249 - For loop in Gnews
2024-05-14 16:40:59.714 | WARNING  | crm.tasks:fetch_article_data_task:253 - Article Download Starts
2024-05-14 16:41:04.414 | WARNING  | crm.tasks:fetch_article_data_task:255 - Article Download Successful
2024-05-14 16:41:04.416 | WARNING  | crm.tasks:fetch_article_data_task:273 - Article Parse exception
2024-05-14 16:41:04.419 | WARNING  | crm.tasks:fetch_article_data_task:249 - For loop in Gnews
2024-05-14 16:41:04.422 | WARNING  | crm.tasks:fetch_article_data_task:253 - Article Download Starts
2024-05-14 16:41:08.610 | WARNING  | crm.tasks:fetch_article_data_task:255 - Article Download Successful
2024-05-14 16:41:09.402 | WARNING  | crm.tasks:fetch_article_data_task:258 - Article parse Successful
2024-05-14 16:41:09.404 | WARNING  | crm.tasks:fetch_article_data_task:249 - For loop in Gnews
2024-05-14 16:41:09.407 | WARNING  | crm.tasks:fetch_article_data_task:253 - Article Download Starts
2024-05-14 16:41:10.501 | WARNING  | crm.tasks:fetch_article_data_task:255 - Article Download Successful
2024-05-14 16:41:10.839 | WARNING  | crm.tasks:fetch_article_data_task:258 - Article parse Successful
2024-05-14 16:41:10.841 | WARNING  | crm.tasks:fetch_article_data_task:249 - For loop in Gnews
2024-05-14 16:41:10.845 | WARNING  | crm.tasks:fetch_article_data_task:253 - Article Download Starts
2024-05-14 16:41:11.505 | WARNING  | crm.tasks:fetch_article_data_task:255 - Article Download Successful
2024-05-14 16:41:11.718 | WARNING  | crm.tasks:fetch_article_data_task:258 - Article parse Successful
2024-05-14 16:41:11.720 | WARNING  | crm.tasks:fetch_article_data_task:249 - For loop in Gnews
2024-05-14 16:41:11.723 | WARNING  | crm.tasks:fetch_article_data_task:253 - Article Download Starts
2024-05-14 16:41:12.478 | WARNING  | crm.tasks:fetch_article_data_task:255 - Article Download Successful
2024-05-14 16:41:13.026 | WARNING  | crm.tasks:fetch_article_data_task:258 - Article parse Successful
2024-05-14 16:41:13.027 | WARNING  | crm.tasks:fetch_article_data_task:249 - For loop in Gnews
2024-05-14 16:41:13.030 | WARNING  | crm.tasks:fetch_article_data_task:253 - Article Download Starts
2024-05-14 16:41:13.695 | WARNING  | crm.tasks:fetch_article_data_task:255 - Article Download Successful
2024-05-14 16:41:13.956 | WARNING  | crm.tasks:fetch_article_data_task:258 - Article parse Successful
2024-05-14 16:41:13.958 | WARNING  | crm.tasks:fetch_article_data_task:269 - For loop status break
2024-05-14 16:41:13.960 | WARNING  | crm.tasks:fetch_article_data_task:295 - Fetch Article Data Task Completed
2024-05-14 16:41:53.129 | WARNING  | crm.tasks:generate_content_task:381 - Generate Content Task Started
2024-05-14 16:41:53.143 | WARNING  | crm.tasks:generate_meta_info_task:305 - Generate Meta Task Started
2024-05-14 16:41:53.153 | WARNING  | crm.tasks:generate_meta_info_task:323 - Generate Meta Task Ended
2024-05-14 16:41:53.175 | WARNING  | crm.tasks:generate_image_prompt_task:423 - Generate Image Prompt Task Started
2024-05-14 16:41:53.202 | WARNING  | crm.tasks:fetch_api_website:476 - API hit Website Started
2024-05-14 16:41:53.235 | WARNING  | crm.tasks:fetch_article_data_task:231 - Fetch Article Data Task Started
2024-05-14 16:41:53.250 | WARNING  | crm.tasks:fetch_article_data_task:235 - Get first item of Trending with status Saved
2024-05-14 16:41:53.348 | WARNING  | crm.tasks:generate_content_info_task:333 - Generate Content Info Task Started
2024-05-14 16:41:53.359 | WARNING  | crm.tasks:generate_content_info_task:371 - Generate Content Info Task Ended
2024-05-14 16:41:55.121 | WARNING  | crm.tasks:fetch_api_website:485 - API hit successful!
2024-05-14 16:41:55.127 | WARNING  | crm.tasks:fetch_api_website:495 - API post does not exist
2024-05-14 16:41:55.131 | WARNING  | crm.tasks:fetch_api_website:495 - API post does not exist
2024-05-14 16:41:55.139 | WARNING  | crm.tasks:fetch_api_website:495 - API post does not exist
2024-05-14 16:41:55.149 | WARNING  | crm.tasks:fetch_api_website:495 - API post does not exist
2024-05-14 16:41:55.152 | WARNING  | crm.tasks:fetch_api_website:495 - API post does not exist
2024-05-14 16:41:55.156 | WARNING  | crm.tasks:fetch_api_website:495 - API post does not exist
2024-05-14 16:41:55.163 | WARNING  | crm.tasks:fetch_api_website:495 - API post does not exist
2024-05-14 16:41:55.173 | WARNING  | crm.tasks:fetch_api_website:495 - API post does not exist
2024-05-14 16:41:55.180 | WARNING  | crm.tasks:fetch_api_website:495 - API post does not exist
2024-05-14 16:41:55.194 | WARNING  | crm.tasks:fetch_api_website:495 - API post does not exist
2024-05-14 16:41:55.204 | WARNING  | crm.tasks:fetch_api_website:495 - API post does not exist
2024-05-14 16:41:55.209 | WARNING  | crm.tasks:fetch_api_website:495 - API post does not exist
2024-05-14 16:41:55.213 | WARNING  | crm.tasks:fetch_api_website:495 - API post does not exist
2024-05-14 16:41:55.219 | WARNING  | crm.tasks:fetch_api_website:495 - API post does not exist
2024-05-14 16:41:55.326 | WARNING  | crm.tasks:fetch_api_website:493 - API Table Saved
2024-05-14 16:42:26.334 | WARNING  | crm.tasks:generate_image_prompt_task:436 - Generate Image Prompt Task Completed
2024-05-14 16:42:39.077 | WARNING  | crm.tasks:fetch_article_data_task:249 - For loop in Gnews
2024-05-14 16:42:39.081 | WARNING  | crm.tasks:fetch_article_data_task:253 - Article Download Starts
2024-05-14 16:42:40.204 | WARNING  | crm.tasks:fetch_article_data_task:255 - Article Download Successful
2024-05-14 16:42:40.702 | WARNING  | crm.tasks:fetch_article_data_task:258 - Article parse Successful
2024-05-14 16:42:40.703 | WARNING  | crm.tasks:fetch_article_data_task:249 - For loop in Gnews
2024-05-14 16:42:40.707 | WARNING  | crm.tasks:fetch_article_data_task:253 - Article Download Starts
2024-05-14 16:42:42.559 | WARNING  | crm.tasks:fetch_article_data_task:255 - Article Download Successful
2024-05-14 16:42:43.072 | WARNING  | crm.tasks:fetch_article_data_task:258 - Article parse Successful
2024-05-14 16:42:43.074 | WARNING  | crm.tasks:fetch_article_data_task:249 - For loop in Gnews
2024-05-14 16:42:43.077 | WARNING  | crm.tasks:fetch_article_data_task:253 - Article Download Starts
2024-05-14 16:42:43.657 | WARNING  | crm.tasks:fetch_article_data_task:255 - Article Download Successful
2024-05-14 16:42:43.947 | WARNING  | crm.tasks:fetch_article_data_task:258 - Article parse Successful
2024-05-14 16:42:43.949 | WARNING  | crm.tasks:fetch_article_data_task:249 - For loop in Gnews
2024-05-14 16:42:43.951 | WARNING  | crm.tasks:fetch_article_data_task:253 - Article Download Starts
2024-05-14 16:42:44.719 | WARNING  | crm.tasks:fetch_article_data_task:255 - Article Download Successful
2024-05-14 16:42:44.891 | WARNING  | crm.tasks:fetch_article_data_task:258 - Article parse Successful
2024-05-14 16:42:44.892 | WARNING  | crm.tasks:fetch_article_data_task:249 - For loop in Gnews
2024-05-14 16:42:44.895 | WARNING  | crm.tasks:fetch_article_data_task:253 - Article Download Starts
2024-05-14 16:42:45.622 | WARNING  | crm.tasks:fetch_article_data_task:255 - Article Download Successful
2024-05-14 16:42:46.160 | WARNING  | crm.tasks:fetch_article_data_task:258 - Article parse Successful
2024-05-14 16:42:46.162 | WARNING  | crm.tasks:fetch_article_data_task:269 - For loop status break
2024-05-14 16:42:46.171 | WARNING  | crm.tasks:fetch_article_data_task:295 - Fetch Article Data Task Completed
2024-05-14 16:42:53.125 | WARNING  | crm.tasks:generate_image_task:445 - Generate Image Task Started
2024-05-14 16:42:53.146 | WARNING  | crm.tasks:generate_image_task:449 - Generate Image Task Working
2024-05-14 16:43:33.137 | WARNING  | crm.tasks:generate_content_task:381 - Generate Content Task Started
2024-05-14 16:43:33.157 | WARNING  | crm.tasks:generate_meta_info_task:305 - Generate Meta Task Started
2024-05-14 16:43:33.170 | WARNING  | crm.tasks:generate_meta_info_task:323 - Generate Meta Task Ended
2024-05-14 16:43:33.192 | WARNING  | crm.tasks:generate_image_prompt_task:423 - Generate Image Prompt Task Started
2024-05-14 16:43:33.253 | WARNING  | crm.tasks:fetch_api_website:476 - API hit Website Started
2024-05-14 16:43:33.274 | WARNING  | crm.tasks:fetch_article_data_task:231 - Fetch Article Data Task Started
2024-05-14 16:43:33.296 | WARNING  | crm.tasks:fetch_article_data_task:235 - Get first item of Trending with status Saved
2024-05-14 16:43:35.081 | WARNING  | crm.tasks:fetch_api_website:485 - API hit successful!
2024-05-14 16:43:35.088 | WARNING  | crm.tasks:fetch_api_website:495 - API post does not exist
2024-05-14 16:43:35.093 | WARNING  | crm.tasks:fetch_api_website:495 - API post does not exist
2024-05-14 16:43:35.097 | WARNING  | crm.tasks:fetch_api_website:495 - API post does not exist
2024-05-14 16:43:35.101 | WARNING  | crm.tasks:fetch_api_website:495 - API post does not exist
2024-05-14 16:43:35.105 | WARNING  | crm.tasks:fetch_api_website:495 - API post does not exist
2024-05-14 16:43:35.109 | WARNING  | crm.tasks:fetch_api_website:495 - API post does not exist
2024-05-14 16:43:35.113 | WARNING  | crm.tasks:fetch_api_website:495 - API post does not exist
2024-05-14 16:43:35.118 | WARNING  | crm.tasks:fetch_api_website:495 - API post does not exist
2024-05-14 16:43:35.123 | WARNING  | crm.tasks:fetch_api_website:495 - API post does not exist
2024-05-14 16:43:35.127 | WARNING  | crm.tasks:fetch_api_website:495 - API post does not exist
2024-05-14 16:43:35.131 | WARNING  | crm.tasks:fetch_api_website:495 - API post does not exist
2024-05-14 16:43:35.134 | WARNING  | crm.tasks:fetch_api_website:495 - API post does not exist
2024-05-14 16:43:35.138 | WARNING  | crm.tasks:fetch_api_website:495 - API post does not exist
2024-05-14 16:43:35.142 | WARNING  | crm.tasks:fetch_api_website:495 - API post does not exist
2024-05-14 16:43:35.366 | WARNING  | crm.tasks:fetch_api_website:493 - API Table Saved
2024-05-14 16:43:35.375 | WARNING  | crm.tasks:generate_content_info_task:333 - Generate Content Info Task Started
2024-05-14 16:43:35.382 | WARNING  | crm.tasks:generate_content_info_task:371 - Generate Content Info Task Ended
2024-05-14 16:44:08.668 | WARNING  | crm.tasks:generate_image_prompt_task:436 - Generate Image Prompt Task Completed
2024-05-14 16:44:18.061 | WARNING  | crm.tasks:fetch_article_data_task:249 - For loop in Gnews
2024-05-14 16:44:18.064 | WARNING  | crm.tasks:fetch_article_data_task:253 - Article Download Starts
2024-05-14 16:44:19.036 | WARNING  | crm.tasks:fetch_article_data_task:255 - Article Download Successful
2024-05-14 16:44:19.563 | WARNING  | crm.tasks:fetch_article_data_task:258 - Article parse Successful
2024-05-14 16:44:19.564 | WARNING  | crm.tasks:fetch_article_data_task:249 - For loop in Gnews
2024-05-14 16:44:19.568 | WARNING  | crm.tasks:fetch_article_data_task:253 - Article Download Starts
2024-05-14 16:44:21.058 | WARNING  | crm.tasks:fetch_article_data_task:255 - Article Download Successful
2024-05-14 16:44:21.730 | WARNING  | crm.tasks:fetch_article_data_task:258 - Article parse Successful
2024-05-14 16:44:21.731 | WARNING  | crm.tasks:fetch_article_data_task:249 - For loop in Gnews
2024-05-14 16:44:21.736 | WARNING  | crm.tasks:fetch_article_data_task:253 - Article Download Starts
2024-05-14 16:44:22.633 | WARNING  | crm.tasks:fetch_article_data_task:255 - Article Download Successful
2024-05-14 16:44:22.933 | WARNING  | crm.tasks:fetch_article_data_task:258 - Article parse Successful
2024-05-14 16:44:22.934 | WARNING  | crm.tasks:fetch_article_data_task:249 - For loop in Gnews
2024-05-14 16:44:22.937 | WARNING  | crm.tasks:fetch_article_data_task:253 - Article Download Starts
2024-05-14 16:44:23.739 | WARNING  | crm.tasks:fetch_article_data_task:255 - Article Download Successful
2024-05-14 16:44:23.957 | WARNING  | crm.tasks:fetch_article_data_task:258 - Article parse Successful
2024-05-14 16:44:23.958 | WARNING  | crm.tasks:fetch_article_data_task:249 - For loop in Gnews
2024-05-14 16:44:23.961 | WARNING  | crm.tasks:fetch_article_data_task:253 - Article Download Starts
2024-05-14 16:44:24.550 | WARNING  | crm.tasks:fetch_article_data_task:255 - Article Download Successful
2024-05-14 16:44:25.062 | WARNING  | crm.tasks:fetch_article_data_task:258 - Article parse Successful
2024-05-14 16:44:25.063 | WARNING  | crm.tasks:fetch_article_data_task:269 - For loop status break
2024-05-14 16:44:25.072 | WARNING  | crm.tasks:fetch_article_data_task:295 - Fetch Article Data Task Completed
2024-05-14 16:45:07.129 | WARNING  | crm.tasks:generate_image_task:470 - Generate Image Task Exception
2024-05-14 16:45:13.130 | WARNING  | crm.tasks:generate_content_task:381 - Generate Content Task Started
2024-05-14 16:45:13.155 | WARNING  | crm.tasks:generate_meta_info_task:305 - Generate Meta Task Started
2024-05-14 16:45:13.168 | WARNING  | crm.tasks:generate_meta_info_task:323 - Generate Meta Task Ended
2024-05-14 16:45:13.181 | WARNING  | crm.tasks:generate_image_prompt_task:423 - Generate Image Prompt Task Started
2024-05-14 16:45:13.217 | WARNING  | crm.tasks:fetch_api_website:476 - API hit Website Started
2024-05-14 16:45:13.254 | WARNING  | crm.tasks:fetch_article_data_task:231 - Fetch Article Data Task Started
2024-05-14 16:45:13.265 | WARNING  | crm.tasks:fetch_article_data_task:235 - Get first item of Trending with status Saved
2024-05-14 16:45:13.350 | WARNING  | crm.tasks:generate_content_info_task:333 - Generate Content Info Task Started
2024-05-14 16:45:13.364 | WARNING  | crm.tasks:generate_content_info_task:371 - Generate Content Info Task Ended
2024-05-14 16:45:15.027 | WARNING  | crm.tasks:fetch_api_website:485 - API hit successful!
2024-05-14 16:45:15.037 | WARNING  | crm.tasks:fetch_api_website:495 - API post does not exist
2024-05-14 16:45:15.041 | WARNING  | crm.tasks:fetch_api_website:495 - API post does not exist
2024-05-14 16:45:15.045 | WARNING  | crm.tasks:fetch_api_website:495 - API post does not exist
2024-05-14 16:45:15.049 | WARNING  | crm.tasks:fetch_api_website:495 - API post does not exist
2024-05-14 16:45:15.053 | WARNING  | crm.tasks:fetch_api_website:495 - API post does not exist
2024-05-14 16:45:15.056 | WARNING  | crm.tasks:fetch_api_website:495 - API post does not exist
2024-05-14 16:45:15.066 | WARNING  | crm.tasks:fetch_api_website:495 - API post does not exist
2024-05-14 16:45:15.070 | WARNING  | crm.tasks:fetch_api_website:495 - API post does not exist
2024-05-14 16:45:15.077 | WARNING  | crm.tasks:fetch_api_website:495 - API post does not exist
2024-05-14 16:45:15.082 | WARNING  | crm.tasks:fetch_api_website:495 - API post does not exist
2024-05-14 16:45:15.089 | WARNING  | crm.tasks:fetch_api_website:495 - API post does not exist
2024-05-14 16:45:15.094 | WARNING  | crm.tasks:fetch_api_website:495 - API post does not exist
2024-05-14 16:45:15.099 | WARNING  | crm.tasks:fetch_api_website:495 - API post does not exist
2024-05-14 16:45:15.102 | WARNING  | crm.tasks:fetch_api_website:495 - API post does not exist
2024-05-14 16:45:15.246 | WARNING  | crm.tasks:fetch_api_website:493 - API Table Saved
2024-05-14 16:45:44.655 | WARNING  | crm.tasks:generate_image_prompt_task:436 - Generate Image Prompt Task Completed
2024-05-14 16:45:57.666 | WARNING  | crm.tasks:fetch_article_data_task:249 - For loop in Gnews
2024-05-14 16:45:57.668 | WARNING  | crm.tasks:fetch_article_data_task:253 - Article Download Starts
2024-05-14 16:46:01.136 | WARNING  | crm.tasks:fetch_article_data_task:255 - Article Download Successful
2024-05-14 16:46:01.608 | WARNING  | crm.tasks:fetch_article_data_task:258 - Article parse Successful
2024-05-14 16:46:01.610 | WARNING  | crm.tasks:fetch_article_data_task:249 - For loop in Gnews
2024-05-14 16:46:01.614 | WARNING  | crm.tasks:fetch_article_data_task:253 - Article Download Starts
2024-05-14 16:46:02.539 | WARNING  | crm.tasks:fetch_article_data_task:255 - Article Download Successful
2024-05-14 16:46:03.099 | WARNING  | crm.tasks:fetch_article_data_task:258 - Article parse Successful
2024-05-14 16:46:03.102 | WARNING  | crm.tasks:fetch_article_data_task:249 - For loop in Gnews
2024-05-14 16:46:03.105 | WARNING  | crm.tasks:fetch_article_data_task:253 - Article Download Starts
2024-05-14 16:46:04.040 | WARNING  | crm.tasks:fetch_article_data_task:255 - Article Download Successful
2024-05-14 16:46:04.368 | WARNING  | crm.tasks:fetch_article_data_task:258 - Article parse Successful
2024-05-14 16:46:04.370 | WARNING  | crm.tasks:fetch_article_data_task:249 - For loop in Gnews
2024-05-14 16:46:04.375 | WARNING  | crm.tasks:fetch_article_data_task:253 - Article Download Starts
2024-05-14 16:46:07.268 | WARNING  | crm.tasks:fetch_article_data_task:255 - Article Download Successful
2024-05-14 16:46:07.496 | WARNING  | crm.tasks:fetch_article_data_task:258 - Article parse Successful
2024-05-14 16:46:07.497 | WARNING  | crm.tasks:fetch_article_data_task:249 - For loop in Gnews
2024-05-14 16:46:07.501 | WARNING  | crm.tasks:fetch_article_data_task:253 - Article Download Starts
2024-05-14 16:46:08.259 | WARNING  | crm.tasks:fetch_article_data_task:255 - Article Download Successful
2024-05-14 16:46:08.855 | WARNING  | crm.tasks:fetch_article_data_task:258 - Article parse Successful
2024-05-14 16:46:08.857 | WARNING  | crm.tasks:fetch_article_data_task:269 - For loop status break
2024-05-14 16:46:08.859 | WARNING  | crm.tasks:fetch_article_data_task:295 - Fetch Article Data Task Completed
2024-05-14 16:46:53.146 | WARNING  | crm.tasks:generate_content_task:381 - Generate Content Task Started
2024-05-14 16:46:53.164 | WARNING  | crm.tasks:generate_meta_info_task:305 - Generate Meta Task Started
2024-05-14 16:46:53.177 | WARNING  | crm.tasks:generate_image_prompt_task:423 - Generate Image Prompt Task Started
2024-05-14 16:46:53.178 | WARNING  | crm.tasks:generate_meta_info_task:323 - Generate Meta Task Ended
2024-05-14 16:46:53.234 | WARNING  | crm.tasks:fetch_api_website:476 - API hit Website Started
2024-05-14 16:46:53.274 | WARNING  | crm.tasks:fetch_article_data_task:231 - Fetch Article Data Task Started
2024-05-14 16:46:53.292 | WARNING  | crm.tasks:fetch_article_data_task:235 - Get first item of Trending with status Saved
2024-05-14 16:46:53.374 | WARNING  | crm.tasks:generate_content_info_task:333 - Generate Content Info Task Started
2024-05-14 16:46:53.390 | WARNING  | crm.tasks:generate_content_info_task:371 - Generate Content Info Task Ended
2024-05-14 16:46:55.216 | WARNING  | crm.tasks:fetch_api_website:485 - API hit successful!
2024-05-14 16:46:55.223 | WARNING  | crm.tasks:fetch_api_website:495 - API post does not exist
2024-05-14 16:46:55.228 | WARNING  | crm.tasks:fetch_api_website:495 - API post does not exist
2024-05-14 16:46:55.233 | WARNING  | crm.tasks:fetch_api_website:495 - API post does not exist
2024-05-14 16:46:55.237 | WARNING  | crm.tasks:fetch_api_website:495 - API post does not exist
2024-05-14 16:46:55.241 | WARNING  | crm.tasks:fetch_api_website:495 - API post does not exist
2024-05-14 16:46:55.245 | WARNING  | crm.tasks:fetch_api_website:495 - API post does not exist
2024-05-14 16:46:55.249 | WARNING  | crm.tasks:fetch_api_website:495 - API post does not exist
2024-05-14 16:46:55.253 | WARNING  | crm.tasks:fetch_api_website:495 - API post does not exist
2024-05-14 16:46:55.257 | WARNING  | crm.tasks:fetch_api_website:495 - API post does not exist
2024-05-14 16:46:55.261 | WARNING  | crm.tasks:fetch_api_website:495 - API post does not exist
2024-05-14 16:46:55.265 | WARNING  | crm.tasks:fetch_api_website:495 - API post does not exist
2024-05-14 16:46:55.269 | WARNING  | crm.tasks:fetch_api_website:495 - API post does not exist
2024-05-14 16:46:55.273 | WARNING  | crm.tasks:fetch_api_website:495 - API post does not exist
2024-05-14 16:46:55.278 | WARNING  | crm.tasks:fetch_api_website:495 - API post does not exist
2024-05-14 16:46:55.436 | WARNING  | crm.tasks:fetch_api_website:493 - API Table Saved
2024-05-14 16:47:33.973 | WARNING  | crm.tasks:generate_image_prompt_task:436 - Generate Image Prompt Task Completed
2024-05-14 16:47:39.673 | WARNING  | crm.tasks:fetch_article_data_task:249 - For loop in Gnews
2024-05-14 16:47:39.677 | WARNING  | crm.tasks:fetch_article_data_task:253 - Article Download Starts
2024-05-14 16:47:40.618 | WARNING  | crm.tasks:fetch_article_data_task:255 - Article Download Successful
2024-05-14 16:47:41.114 | WARNING  | crm.tasks:fetch_article_data_task:258 - Article parse Successful
2024-05-14 16:47:41.116 | WARNING  | crm.tasks:fetch_article_data_task:249 - For loop in Gnews
2024-05-14 16:47:41.119 | WARNING  | crm.tasks:fetch_article_data_task:253 - Article Download Starts
2024-05-14 16:47:45.005 | WARNING  | crm.tasks:fetch_article_data_task:255 - Article Download Successful
2024-05-14 16:47:45.517 | WARNING  | crm.tasks:fetch_article_data_task:258 - Article parse Successful
2024-05-14 16:47:45.518 | WARNING  | crm.tasks:fetch_article_data_task:249 - For loop in Gnews
2024-05-14 16:47:45.521 | WARNING  | crm.tasks:fetch_article_data_task:253 - Article Download Starts
2024-05-14 16:47:46.135 | WARNING  | crm.tasks:fetch_article_data_task:255 - Article Download Successful
2024-05-14 16:47:46.429 | WARNING  | crm.tasks:fetch_article_data_task:258 - Article parse Successful
2024-05-14 16:47:46.431 | WARNING  | crm.tasks:fetch_article_data_task:249 - For loop in Gnews
2024-05-14 16:47:46.433 | WARNING  | crm.tasks:fetch_article_data_task:253 - Article Download Starts
2024-05-14 16:47:47.435 | WARNING  | crm.tasks:fetch_article_data_task:255 - Article Download Successful
2024-05-14 16:47:47.656 | WARNING  | crm.tasks:fetch_article_data_task:258 - Article parse Successful
2024-05-14 16:47:47.658 | WARNING  | crm.tasks:fetch_article_data_task:249 - For loop in Gnews
2024-05-14 16:47:47.660 | WARNING  | crm.tasks:fetch_article_data_task:253 - Article Download Starts
2024-05-14 16:47:48.556 | WARNING  | crm.tasks:fetch_article_data_task:255 - Article Download Successful
2024-05-14 16:47:49.084 | WARNING  | crm.tasks:fetch_article_data_task:258 - Article parse Successful
2024-05-14 16:47:49.085 | WARNING  | crm.tasks:fetch_article_data_task:269 - For loop status break
2024-05-14 16:47:49.094 | WARNING  | crm.tasks:fetch_article_data_task:295 - Fetch Article Data Task Completed
2024-05-14 16:48:33.156 | WARNING  | crm.tasks:generate_content_task:381 - Generate Content Task Started
2024-05-14 16:48:33.175 | WARNING  | crm.tasks:generate_meta_info_task:305 - Generate Meta Task Started
2024-05-14 16:48:33.193 | WARNING  | crm.tasks:generate_image_prompt_task:423 - Generate Image Prompt Task Started
2024-05-14 16:48:33.197 | WARNING  | crm.tasks:generate_meta_info_task:323 - Generate Meta Task Ended
2024-05-14 16:48:33.248 | WARNING  | crm.tasks:fetch_api_website:476 - API hit Website Started
2024-05-14 16:48:33.275 | WARNING  | crm.tasks:fetch_article_data_task:231 - Fetch Article Data Task Started
2024-05-14 16:48:33.288 | WARNING  | crm.tasks:fetch_article_data_task:235 - Get first item of Trending with status Saved
2024-05-14 16:48:33.371 | WARNING  | crm.tasks:generate_content_info_task:333 - Generate Content Info Task Started
2024-05-14 16:48:33.385 | WARNING  | crm.tasks:generate_content_info_task:371 - Generate Content Info Task Ended
2024-05-14 16:48:35.336 | WARNING  | crm.tasks:fetch_api_website:485 - API hit successful!
2024-05-14 16:48:35.343 | WARNING  | crm.tasks:fetch_api_website:495 - API post does not exist
2024-05-14 16:48:35.346 | WARNING  | crm.tasks:fetch_api_website:495 - API post does not exist
2024-05-14 16:48:35.351 | WARNING  | crm.tasks:fetch_api_website:495 - API post does not exist
2024-05-14 16:48:35.354 | WARNING  | crm.tasks:fetch_api_website:495 - API post does not exist
2024-05-14 16:48:35.360 | WARNING  | crm.tasks:fetch_api_website:495 - API post does not exist
2024-05-14 16:48:35.363 | WARNING  | crm.tasks:fetch_api_website:495 - API post does not exist
2024-05-14 16:48:35.369 | WARNING  | crm.tasks:fetch_api_website:495 - API post does not exist
2024-05-14 16:48:35.372 | WARNING  | crm.tasks:fetch_api_website:495 - API post does not exist
2024-05-14 16:48:35.376 | WARNING  | crm.tasks:fetch_api_website:495 - API post does not exist
2024-05-14 16:48:35.383 | WARNING  | crm.tasks:fetch_api_website:495 - API post does not exist
2024-05-14 16:48:35.387 | WARNING  | crm.tasks:fetch_api_website:495 - API post does not exist
2024-05-14 16:48:35.391 | WARNING  | crm.tasks:fetch_api_website:495 - API post does not exist
2024-05-14 16:48:35.396 | WARNING  | crm.tasks:fetch_api_website:495 - API post does not exist
2024-05-14 16:48:35.401 | WARNING  | crm.tasks:fetch_api_website:495 - API post does not exist
2024-05-14 16:48:35.642 | WARNING  | crm.tasks:fetch_api_website:493 - API Table Saved
2024-05-14 16:48:53.132 | WARNING  | crm.tasks:generate_image_task:445 - Generate Image Task Started
2024-05-14 16:48:53.153 | WARNING  | crm.tasks:generate_image_task:449 - Generate Image Task Working
2024-05-14 16:49:00.143 | WARNING  | crm.tasks:generate_image_prompt_task:436 - Generate Image Prompt Task Completed
